2025-07-07 15:01:13.394 [background-preinit] INFO  o.h.validator.internal.util.Version - HV000001: Hibernate Validator 8.0.1.Final
2025-07-07 15:01:13.472 [main] INFO  c.p.u.UptimeMonitoringServiceApplication - Starting UptimeMonitoringServiceApplication using Java 17 with PID 28960 (D:\Revino Solutions Pvt Ltd\Pulsewatch_2.0\backend\uptime-monitoring-service\target\classes started by Admin in D:\Revino Solutions Pvt Ltd\Pulsewatch_2.0\backend\uptime-monitoring-service)
2025-07-07 15:01:13.473 [main] DEBUG c.p.u.UptimeMonitoringServiceApplication - Running with Spring Boot v3.1.8, Spring v6.0.16
2025-07-07 15:01:13.474 [main] INFO  c.p.u.UptimeMonitoringServiceApplication - No active profile set, falling back to 1 default profile: "default"
2025-07-07 15:01:14.462 [main] INFO  o.s.d.r.c.RepositoryConfigurationDelegate - Bootstrapping Spring Data JPA repositories in DEFAULT mode.
2025-07-07 15:01:14.592 [main] INFO  o.s.d.r.c.RepositoryConfigurationDelegate - Finished Spring Data repository scanning in 123 ms. Found 1 JPA repository interface.
2025-07-07 15:01:14.785 [main] INFO  o.s.cloud.context.scope.GenericScope - BeanFactory id=bdb9e211-d8d7-36b5-a5d6-24151e1ec0d5
2025-07-07 15:01:15.167 [main] INFO  o.s.b.w.e.tomcat.TomcatWebServer - Tomcat initialized with port(s): 8083 (http)
2025-07-07 15:01:15.175 [main] INFO  o.a.coyote.http11.Http11NioProtocol - Initializing ProtocolHandler ["http-nio-8083"]
2025-07-07 15:01:15.179 [main] INFO  o.a.catalina.core.StandardService - Starting service [Tomcat]
2025-07-07 15:01:15.181 [main] INFO  o.a.catalina.core.StandardEngine - Starting Servlet engine: [Apache Tomcat/10.1.18]
2025-07-07 15:01:15.335 [main] INFO  o.a.c.c.C.[Tomcat].[localhost].[/] - Initializing Spring embedded WebApplicationContext
2025-07-07 15:01:15.336 [main] INFO  o.s.b.w.s.c.ServletWebServerApplicationContext - Root WebApplicationContext: initialization completed in 1794 ms
2025-07-07 15:01:15.587 [main] INFO  o.h.jpa.internal.util.LogHelper - HHH000204: Processing PersistenceUnitInfo [name: default]
2025-07-07 15:01:15.645 [main] INFO  org.hibernate.Version - HHH000412: Hibernate ORM core version 6.2.20.Final
2025-07-07 15:01:15.647 [main] INFO  org.hibernate.cfg.Environment - HHH000406: Using bytecode reflection optimizer
2025-07-07 15:01:15.899 [main] INFO  o.s.o.j.p.SpringPersistenceUnitInfo - No LoadTimeWeaver setup: ignoring JPA class transformer
2025-07-07 15:01:15.930 [main] INFO  com.zaxxer.hikari.HikariDataSource - HikariPool-1 - Starting...
2025-07-07 15:01:16.337 [main] INFO  com.zaxxer.hikari.pool.HikariPool - HikariPool-1 - Added connection org.postgresql.jdbc.PgConnection@644b68ad
2025-07-07 15:01:16.339 [main] INFO  com.zaxxer.hikari.HikariDataSource - HikariPool-1 - Start completed.
2025-07-07 15:01:16.406 [main] WARN  org.hibernate.orm.deprecation - HHH90000025: PostgreSQLDialect does not need to be specified explicitly using 'hibernate.dialect' (remove the property setting and it will be selected by default)
2025-07-07 15:01:17.310 [main] INFO  o.h.e.t.j.p.i.JtaPlatformInitiator - HHH000489: No JTA platform available (set 'hibernate.transaction.jta.platform' to enable JTA platform integration)
2025-07-07 15:01:17.380 [main] INFO  o.s.o.j.LocalContainerEntityManagerFactoryBean - Initialized JPA EntityManagerFactory for persistence unit 'default'
2025-07-07 15:01:17.590 [main] INFO  o.s.d.j.r.query.QueryEnhancerFactory - Hibernate is in classpath; If applicable, HQL parser will be used.
2025-07-07 15:01:18.156 [main] WARN  o.s.b.a.o.j.JpaBaseConfiguration$JpaWebConfiguration - spring.jpa.open-in-view is enabled by default. Therefore, database queries may be performed during view rendering. Explicitly configure spring.jpa.open-in-view to disable this warning
2025-07-07 15:01:18.992 [main] INFO  o.s.c.n.e.c.DiscoveryClientOptionalArgsConfiguration - Eureka HTTP Client uses RestTemplate.
2025-07-07 15:01:19.062 [main] WARN  o.s.c.l.c.LoadBalancerCacheAutoConfiguration$LoadBalancerCaffeineWarnLogger - Spring Cloud LoadBalancer is currently working with the default cache. While this cache implementation is useful for development and tests, it's recommended to use Caffeine cache in production.You can switch to using Caffeine cache, by adding it and org.springframework.cache.caffeine.CaffeineCacheManager to the classpath.
2025-07-07 15:01:19.072 [main] INFO  o.s.b.a.e.web.EndpointLinksResolver - Exposing 3 endpoint(s) beneath base path '/actuator'
2025-07-07 15:01:19.195 [main] INFO  o.s.c.n.eureka.InstanceInfoFactory - Setting initial instance status as: STARTING
2025-07-07 15:01:19.304 [main] INFO  c.netflix.discovery.DiscoveryClient - Initializing Eureka in region us-east-1
2025-07-07 15:01:19.308 [main] INFO  c.n.d.s.r.aws.ConfigClusterResolver - Resolving eureka endpoints via configuration
2025-07-07 15:01:19.344 [main] INFO  c.netflix.discovery.DiscoveryClient - Disable delta property : false
2025-07-07 15:01:19.345 [main] INFO  c.netflix.discovery.DiscoveryClient - Single vip registry refresh property : null
2025-07-07 15:01:19.345 [main] INFO  c.netflix.discovery.DiscoveryClient - Force full registry fetch : false
2025-07-07 15:01:19.346 [main] INFO  c.netflix.discovery.DiscoveryClient - Application is null : false
2025-07-07 15:01:19.346 [main] INFO  c.netflix.discovery.DiscoveryClient - Registered Applications size is zero : true
2025-07-07 15:01:19.346 [main] INFO  c.netflix.discovery.DiscoveryClient - Application version is -1: true
2025-07-07 15:01:19.347 [main] INFO  c.netflix.discovery.DiscoveryClient - Getting all instance registry info from the eureka server
2025-07-07 15:01:19.775 [main] INFO  c.netflix.discovery.DiscoveryClient - The response status is 200
2025-07-07 15:01:19.782 [main] INFO  c.netflix.discovery.DiscoveryClient - Starting heartbeat executor: renew interval is: 30
2025-07-07 15:01:19.795 [main] INFO  c.n.discovery.InstanceInfoReplicator - InstanceInfoReplicator onDemand update allowed rate per min is 4
2025-07-07 15:01:19.812 [main] INFO  c.netflix.discovery.DiscoveryClient - Discovery Client initialized at timestamp 1751880679811 with initial instances count: 5
2025-07-07 15:01:19.816 [main] INFO  o.s.c.n.e.s.EurekaServiceRegistry - Registering application UPTIME-MONITORING-SERVICE with eureka with status UP
2025-07-07 15:01:19.817 [main] INFO  c.netflix.discovery.DiscoveryClient - Saw local status change event StatusChangeEvent [timestamp=1751880679817, current=UP, previous=STARTING]
2025-07-07 15:01:19.819 [DiscoveryClient-InstanceInfoReplicator-0] INFO  c.netflix.discovery.DiscoveryClient - DiscoveryClient_UPTIME-MONITORING-SERVICE/DESKTOP-OCJUI3G:uptime-monitoring-service:8083: registering service...
2025-07-07 15:01:19.819 [main] INFO  o.a.coyote.http11.Http11NioProtocol - Starting ProtocolHandler ["http-nio-8083"]
2025-07-07 15:01:19.882 [main] INFO  o.s.b.w.e.tomcat.TomcatWebServer - Tomcat started on port(s): 8083 (http) with context path ''
2025-07-07 15:01:19.883 [main] INFO  o.s.c.n.e.s.EurekaAutoServiceRegistration - Updating port to 8083
2025-07-07 15:01:19.897 [DiscoveryClient-InstanceInfoReplicator-0] INFO  c.netflix.discovery.DiscoveryClient - DiscoveryClient_UPTIME-MONITORING-SERVICE/DESKTOP-OCJUI3G:uptime-monitoring-service:8083 - registration status: 204
2025-07-07 15:01:20.063 [scheduling-1] INFO  c.p.u.service.UptimeMonitorService - Starting scheduled health check for all monitored services
2025-07-07 15:01:20.065 [main] INFO  c.p.u.UptimeMonitoringServiceApplication - Started UptimeMonitoringServiceApplication in 7.272 seconds (process running for 7.78)
2025-07-07 15:01:20.168 [scheduling-1] DEBUG org.hibernate.SQL - 
    select
        m1_0.id,
        m1_0.created_at,
        m1_0.error_message,
        m1_0.last_checked,
        m1_0.name,
        m1_0.response_time_ms,
        m1_0.status,
        m1_0.updated_at,
        m1_0.url 
    from
        monitored_services m1_0
2025-07-07 15:01:20.218 [scheduling-1] INFO  c.p.u.service.UptimeMonitorService - Checking 1 services
2025-07-07 15:01:20.271 [scheduling-1] DEBUG org.hibernate.SQL - 
    select
        m1_0.id,
        m1_0.created_at,
        m1_0.error_message,
        m1_0.last_checked,
        m1_0.name,
        m1_0.response_time_ms,
        m1_0.status,
        m1_0.updated_at,
        m1_0.url 
    from
        monitored_services m1_0 
    where
        m1_0.id=?
2025-07-07 15:01:20.304 [scheduling-1] DEBUG org.hibernate.SQL - 
    update
        monitored_services 
    set
        created_at=?,
        error_message=?,
        last_checked=?,
        name=?,
        response_time_ms=?,
        status=?,
        updated_at=?,
        url=? 
    where
        id=?
2025-07-07 15:01:20.333 [scheduling-1] WARN  c.p.u.service.UptimeMonitorService - Service User Management Service is DOWN - Connection timeout
2025-07-07 15:01:20.333 [scheduling-1] INFO  c.p.u.service.UptimeMonitorService - Completed health check for 1 services
2025-07-07 15:02:20.073 [scheduling-1] INFO  c.p.u.service.UptimeMonitorService - Starting scheduled health check for all monitored services
2025-07-07 15:02:20.075 [scheduling-1] DEBUG org.hibernate.SQL - 
    select
        m1_0.id,
        m1_0.created_at,
        m1_0.error_message,
        m1_0.last_checked,
        m1_0.name,
        m1_0.response_time_ms,
        m1_0.status,
        m1_0.updated_at,
        m1_0.url 
    from
        monitored_services m1_0
2025-07-07 15:02:20.078 [scheduling-1] INFO  c.p.u.service.UptimeMonitorService - Checking 1 services
2025-07-07 15:02:20.104 [scheduling-1] DEBUG org.hibernate.SQL - 
    select
        m1_0.id,
        m1_0.created_at,
        m1_0.error_message,
        m1_0.last_checked,
        m1_0.name,
        m1_0.response_time_ms,
        m1_0.status,
        m1_0.updated_at,
        m1_0.url 
    from
        monitored_services m1_0 
    where
        m1_0.id=?
2025-07-07 15:02:20.108 [scheduling-1] DEBUG org.hibernate.SQL - 
    update
        monitored_services 
    set
        created_at=?,
        error_message=?,
        last_checked=?,
        name=?,
        response_time_ms=?,
        status=?,
        updated_at=?,
        url=? 
    where
        id=?
2025-07-07 15:02:20.121 [scheduling-1] WARN  c.p.u.service.UptimeMonitorService - Service User Management Service is DOWN - Connection timeout
2025-07-07 15:02:20.122 [scheduling-1] INFO  c.p.u.service.UptimeMonitorService - Completed health check for 1 services
2025-07-07 15:03:20.066 [scheduling-1] INFO  c.p.u.service.UptimeMonitorService - Starting scheduled health check for all monitored services
2025-07-07 15:03:20.068 [scheduling-1] DEBUG org.hibernate.SQL - 
    select
        m1_0.id,
        m1_0.created_at,
        m1_0.error_message,
        m1_0.last_checked,
        m1_0.name,
        m1_0.response_time_ms,
        m1_0.status,
        m1_0.updated_at,
        m1_0.url 
    from
        monitored_services m1_0
2025-07-07 15:03:20.071 [scheduling-1] INFO  c.p.u.service.UptimeMonitorService - Checking 1 services
2025-07-07 15:03:20.190 [scheduling-1] DEBUG org.hibernate.SQL - 
    select
        m1_0.id,
        m1_0.created_at,
        m1_0.error_message,
        m1_0.last_checked,
        m1_0.name,
        m1_0.response_time_ms,
        m1_0.status,
        m1_0.updated_at,
        m1_0.url 
    from
        monitored_services m1_0 
    where
        m1_0.id=?
2025-07-07 15:03:20.192 [scheduling-1] DEBUG org.hibernate.SQL - 
    update
        monitored_services 
    set
        created_at=?,
        error_message=?,
        last_checked=?,
        name=?,
        response_time_ms=?,
        status=?,
        updated_at=?,
        url=? 
    where
        id=?
2025-07-07 15:03:20.194 [scheduling-1] WARN  c.p.u.service.UptimeMonitorService - Service User Management Service is DOWN - 403 : [no body]
2025-07-07 15:03:20.194 [scheduling-1] INFO  c.p.u.service.UptimeMonitorService - Completed health check for 1 services
2025-07-07 15:04:20.065 [scheduling-1] INFO  c.p.u.service.UptimeMonitorService - Starting scheduled health check for all monitored services
2025-07-07 15:04:20.068 [scheduling-1] DEBUG org.hibernate.SQL - 
    select
        m1_0.id,
        m1_0.created_at,
        m1_0.error_message,
        m1_0.last_checked,
        m1_0.name,
        m1_0.response_time_ms,
        m1_0.status,
        m1_0.updated_at,
        m1_0.url 
    from
        monitored_services m1_0
2025-07-07 15:04:20.074 [scheduling-1] INFO  c.p.u.service.UptimeMonitorService - Checking 1 services
2025-07-07 15:04:20.080 [scheduling-1] DEBUG org.hibernate.SQL - 
    select
        m1_0.id,
        m1_0.created_at,
        m1_0.error_message,
        m1_0.last_checked,
        m1_0.name,
        m1_0.response_time_ms,
        m1_0.status,
        m1_0.updated_at,
        m1_0.url 
    from
        monitored_services m1_0 
    where
        m1_0.id=?
2025-07-07 15:04:20.083 [scheduling-1] DEBUG org.hibernate.SQL - 
    update
        monitored_services 
    set
        created_at=?,
        error_message=?,
        last_checked=?,
        name=?,
        response_time_ms=?,
        status=?,
        updated_at=?,
        url=? 
    where
        id=?
2025-07-07 15:04:20.089 [scheduling-1] WARN  c.p.u.service.UptimeMonitorService - Service User Management Service is DOWN - 403 : [no body]
2025-07-07 15:04:20.090 [scheduling-1] INFO  c.p.u.service.UptimeMonitorService - Completed health check for 1 services
2025-07-07 15:05:20.068 [scheduling-1] INFO  c.p.u.service.UptimeMonitorService - Starting scheduled health check for all monitored services
2025-07-07 15:05:20.070 [scheduling-1] DEBUG org.hibernate.SQL - 
    select
        m1_0.id,
        m1_0.created_at,
        m1_0.error_message,
        m1_0.last_checked,
        m1_0.name,
        m1_0.response_time_ms,
        m1_0.status,
        m1_0.updated_at,
        m1_0.url 
    from
        monitored_services m1_0
2025-07-07 15:05:20.072 [scheduling-1] INFO  c.p.u.service.UptimeMonitorService - Checking 1 services
2025-07-07 15:05:20.077 [scheduling-1] DEBUG org.hibernate.SQL - 
    select
        m1_0.id,
        m1_0.created_at,
        m1_0.error_message,
        m1_0.last_checked,
        m1_0.name,
        m1_0.response_time_ms,
        m1_0.status,
        m1_0.updated_at,
        m1_0.url 
    from
        monitored_services m1_0 
    where
        m1_0.id=?
2025-07-07 15:05:20.079 [scheduling-1] DEBUG org.hibernate.SQL - 
    update
        monitored_services 
    set
        created_at=?,
        error_message=?,
        last_checked=?,
        name=?,
        response_time_ms=?,
        status=?,
        updated_at=?,
        url=? 
    where
        id=?
2025-07-07 15:05:20.082 [scheduling-1] WARN  c.p.u.service.UptimeMonitorService - Service User Management Service is DOWN - 403 : [no body]
2025-07-07 15:05:20.082 [scheduling-1] INFO  c.p.u.service.UptimeMonitorService - Completed health check for 1 services
2025-07-07 15:06:19.365 [AsyncResolver-bootstrap-executor-0] INFO  c.n.d.s.r.aws.ConfigClusterResolver - Resolving eureka endpoints via configuration
2025-07-07 15:06:20.066 [scheduling-1] INFO  c.p.u.service.UptimeMonitorService - Starting scheduled health check for all monitored services
2025-07-07 15:06:20.070 [scheduling-1] DEBUG org.hibernate.SQL - 
    select
        m1_0.id,
        m1_0.created_at,
        m1_0.error_message,
        m1_0.last_checked,
        m1_0.name,
        m1_0.response_time_ms,
        m1_0.status,
        m1_0.updated_at,
        m1_0.url 
    from
        monitored_services m1_0
2025-07-07 15:06:20.075 [scheduling-1] INFO  c.p.u.service.UptimeMonitorService - Checking 1 services
2025-07-07 15:06:20.084 [scheduling-1] DEBUG org.hibernate.SQL - 
    select
        m1_0.id,
        m1_0.created_at,
        m1_0.error_message,
        m1_0.last_checked,
        m1_0.name,
        m1_0.response_time_ms,
        m1_0.status,
        m1_0.updated_at,
        m1_0.url 
    from
        monitored_services m1_0 
    where
        m1_0.id=?
2025-07-07 15:06:20.087 [scheduling-1] DEBUG org.hibernate.SQL - 
    update
        monitored_services 
    set
        created_at=?,
        error_message=?,
        last_checked=?,
        name=?,
        response_time_ms=?,
        status=?,
        updated_at=?,
        url=? 
    where
        id=?
2025-07-07 15:06:20.100 [scheduling-1] WARN  c.p.u.service.UptimeMonitorService - Service User Management Service is DOWN - 403 : [no body]
2025-07-07 15:06:20.101 [scheduling-1] INFO  c.p.u.service.UptimeMonitorService - Completed health check for 1 services
2025-07-07 15:07:20.077 [scheduling-1] INFO  c.p.u.service.UptimeMonitorService - Starting scheduled health check for all monitored services
2025-07-07 15:07:20.086 [scheduling-1] DEBUG org.hibernate.SQL - 
    select
        m1_0.id,
        m1_0.created_at,
        m1_0.error_message,
        m1_0.last_checked,
        m1_0.name,
        m1_0.response_time_ms,
        m1_0.status,
        m1_0.updated_at,
        m1_0.url 
    from
        monitored_services m1_0
2025-07-07 15:07:20.093 [scheduling-1] INFO  c.p.u.service.UptimeMonitorService - Checking 1 services
2025-07-07 15:07:20.109 [scheduling-1] DEBUG org.hibernate.SQL - 
    select
        m1_0.id,
        m1_0.created_at,
        m1_0.error_message,
        m1_0.last_checked,
        m1_0.name,
        m1_0.response_time_ms,
        m1_0.status,
        m1_0.updated_at,
        m1_0.url 
    from
        monitored_services m1_0 
    where
        m1_0.id=?
2025-07-07 15:07:20.113 [scheduling-1] DEBUG org.hibernate.SQL - 
    update
        monitored_services 
    set
        created_at=?,
        error_message=?,
        last_checked=?,
        name=?,
        response_time_ms=?,
        status=?,
        updated_at=?,
        url=? 
    where
        id=?
2025-07-07 15:07:20.127 [scheduling-1] WARN  c.p.u.service.UptimeMonitorService - Service User Management Service is DOWN - 403 : [no body]
2025-07-07 15:07:20.127 [scheduling-1] INFO  c.p.u.service.UptimeMonitorService - Completed health check for 1 services
2025-07-07 15:08:20.067 [scheduling-1] INFO  c.p.u.service.UptimeMonitorService - Starting scheduled health check for all monitored services
2025-07-07 15:08:20.069 [scheduling-1] DEBUG org.hibernate.SQL - 
    select
        m1_0.id,
        m1_0.created_at,
        m1_0.error_message,
        m1_0.last_checked,
        m1_0.name,
        m1_0.response_time_ms,
        m1_0.status,
        m1_0.updated_at,
        m1_0.url 
    from
        monitored_services m1_0
2025-07-07 15:08:20.073 [scheduling-1] INFO  c.p.u.service.UptimeMonitorService - Checking 1 services
2025-07-07 15:08:20.089 [scheduling-1] DEBUG org.hibernate.SQL - 
    select
        m1_0.id,
        m1_0.created_at,
        m1_0.error_message,
        m1_0.last_checked,
        m1_0.name,
        m1_0.response_time_ms,
        m1_0.status,
        m1_0.updated_at,
        m1_0.url 
    from
        monitored_services m1_0 
    where
        m1_0.id=?
2025-07-07 15:08:20.097 [scheduling-1] DEBUG org.hibernate.SQL - 
    update
        monitored_services 
    set
        created_at=?,
        error_message=?,
        last_checked=?,
        name=?,
        response_time_ms=?,
        status=?,
        updated_at=?,
        url=? 
    where
        id=?
2025-07-07 15:08:20.106 [scheduling-1] WARN  c.p.u.service.UptimeMonitorService - Service User Management Service is DOWN - 403 : [no body]
2025-07-07 15:08:20.106 [scheduling-1] INFO  c.p.u.service.UptimeMonitorService - Completed health check for 1 services
2025-07-07 15:09:20.065 [scheduling-1] INFO  c.p.u.service.UptimeMonitorService - Starting scheduled health check for all monitored services
2025-07-07 15:09:20.067 [scheduling-1] DEBUG org.hibernate.SQL - 
    select
        m1_0.id,
        m1_0.created_at,
        m1_0.error_message,
        m1_0.last_checked,
        m1_0.name,
        m1_0.response_time_ms,
        m1_0.status,
        m1_0.updated_at,
        m1_0.url 
    from
        monitored_services m1_0
2025-07-07 15:09:20.069 [scheduling-1] INFO  c.p.u.service.UptimeMonitorService - Checking 1 services
2025-07-07 15:09:20.082 [scheduling-1] DEBUG org.hibernate.SQL - 
    select
        m1_0.id,
        m1_0.created_at,
        m1_0.error_message,
        m1_0.last_checked,
        m1_0.name,
        m1_0.response_time_ms,
        m1_0.status,
        m1_0.updated_at,
        m1_0.url 
    from
        monitored_services m1_0 
    where
        m1_0.id=?
2025-07-07 15:09:20.086 [scheduling-1] DEBUG org.hibernate.SQL - 
    update
        monitored_services 
    set
        created_at=?,
        error_message=?,
        last_checked=?,
        name=?,
        response_time_ms=?,
        status=?,
        updated_at=?,
        url=? 
    where
        id=?
2025-07-07 15:09:20.090 [scheduling-1] WARN  c.p.u.service.UptimeMonitorService - Service User Management Service is DOWN - 403 : [no body]
2025-07-07 15:09:20.091 [scheduling-1] INFO  c.p.u.service.UptimeMonitorService - Completed health check for 1 services
2025-07-07 15:10:20.074 [scheduling-1] INFO  c.p.u.service.UptimeMonitorService - Starting scheduled health check for all monitored services
2025-07-07 15:10:20.078 [scheduling-1] DEBUG org.hibernate.SQL - 
    select
        m1_0.id,
        m1_0.created_at,
        m1_0.error_message,
        m1_0.last_checked,
        m1_0.name,
        m1_0.response_time_ms,
        m1_0.status,
        m1_0.updated_at,
        m1_0.url 
    from
        monitored_services m1_0
2025-07-07 15:10:20.080 [scheduling-1] INFO  c.p.u.service.UptimeMonitorService - Checking 1 services
2025-07-07 15:10:20.086 [scheduling-1] DEBUG org.hibernate.SQL - 
    select
        m1_0.id,
        m1_0.created_at,
        m1_0.error_message,
        m1_0.last_checked,
        m1_0.name,
        m1_0.response_time_ms,
        m1_0.status,
        m1_0.updated_at,
        m1_0.url 
    from
        monitored_services m1_0 
    where
        m1_0.id=?
2025-07-07 15:10:20.089 [scheduling-1] DEBUG org.hibernate.SQL - 
    update
        monitored_services 
    set
        created_at=?,
        error_message=?,
        last_checked=?,
        name=?,
        response_time_ms=?,
        status=?,
        updated_at=?,
        url=? 
    where
        id=?
2025-07-07 15:10:20.096 [scheduling-1] WARN  c.p.u.service.UptimeMonitorService - Service User Management Service is DOWN - 403 : [no body]
2025-07-07 15:10:20.097 [scheduling-1] INFO  c.p.u.service.UptimeMonitorService - Completed health check for 1 services
2025-07-07 15:11:19.378 [AsyncResolver-bootstrap-executor-0] INFO  c.n.d.s.r.aws.ConfigClusterResolver - Resolving eureka endpoints via configuration
2025-07-07 15:11:20.064 [scheduling-1] INFO  c.p.u.service.UptimeMonitorService - Starting scheduled health check for all monitored services
2025-07-07 15:11:20.099 [scheduling-1] DEBUG org.hibernate.SQL - 
    select
        m1_0.id,
        m1_0.created_at,
        m1_0.error_message,
        m1_0.last_checked,
        m1_0.name,
        m1_0.response_time_ms,
        m1_0.status,
        m1_0.updated_at,
        m1_0.url 
    from
        monitored_services m1_0
2025-07-07 15:11:20.132 [scheduling-1] INFO  c.p.u.service.UptimeMonitorService - Checking 1 services
2025-07-07 15:11:20.239 [scheduling-1] DEBUG org.hibernate.SQL - 
    select
        m1_0.id,
        m1_0.created_at,
        m1_0.error_message,
        m1_0.last_checked,
        m1_0.name,
        m1_0.response_time_ms,
        m1_0.status,
        m1_0.updated_at,
        m1_0.url 
    from
        monitored_services m1_0 
    where
        m1_0.id=?
2025-07-07 15:11:20.374 [scheduling-1] DEBUG org.hibernate.SQL - 
    update
        monitored_services 
    set
        created_at=?,
        error_message=?,
        last_checked=?,
        name=?,
        response_time_ms=?,
        status=?,
        updated_at=?,
        url=? 
    where
        id=?
2025-07-07 15:11:20.494 [scheduling-1] WARN  c.p.u.service.UptimeMonitorService - Service User Management Service is DOWN - 403 : [no body]
2025-07-07 15:11:20.515 [scheduling-1] INFO  c.p.u.service.UptimeMonitorService - Completed health check for 1 services
2025-07-07 15:12:20.071 [scheduling-1] INFO  c.p.u.service.UptimeMonitorService - Starting scheduled health check for all monitored services
2025-07-07 15:12:20.105 [scheduling-1] DEBUG org.hibernate.SQL - 
    select
        m1_0.id,
        m1_0.created_at,
        m1_0.error_message,
        m1_0.last_checked,
        m1_0.name,
        m1_0.response_time_ms,
        m1_0.status,
        m1_0.updated_at,
        m1_0.url 
    from
        monitored_services m1_0
2025-07-07 15:12:20.109 [scheduling-1] INFO  c.p.u.service.UptimeMonitorService - Checking 1 services
2025-07-07 15:12:20.127 [scheduling-1] DEBUG org.hibernate.SQL - 
    select
        m1_0.id,
        m1_0.created_at,
        m1_0.error_message,
        m1_0.last_checked,
        m1_0.name,
        m1_0.response_time_ms,
        m1_0.status,
        m1_0.updated_at,
        m1_0.url 
    from
        monitored_services m1_0 
    where
        m1_0.id=?
2025-07-07 15:12:20.132 [scheduling-1] DEBUG org.hibernate.SQL - 
    update
        monitored_services 
    set
        created_at=?,
        error_message=?,
        last_checked=?,
        name=?,
        response_time_ms=?,
        status=?,
        updated_at=?,
        url=? 
    where
        id=?
2025-07-07 15:12:20.135 [scheduling-1] WARN  c.p.u.service.UptimeMonitorService - Service User Management Service is DOWN - 403 : [no body]
2025-07-07 15:12:20.137 [scheduling-1] INFO  c.p.u.service.UptimeMonitorService - Completed health check for 1 services
2025-07-07 15:13:20.065 [scheduling-1] INFO  c.p.u.service.UptimeMonitorService - Starting scheduled health check for all monitored services
2025-07-07 15:13:20.072 [scheduling-1] DEBUG org.hibernate.SQL - 
    select
        m1_0.id,
        m1_0.created_at,
        m1_0.error_message,
        m1_0.last_checked,
        m1_0.name,
        m1_0.response_time_ms,
        m1_0.status,
        m1_0.updated_at,
        m1_0.url 
    from
        monitored_services m1_0
2025-07-07 15:13:20.075 [scheduling-1] INFO  c.p.u.service.UptimeMonitorService - Checking 1 services
2025-07-07 15:13:20.097 [scheduling-1] DEBUG org.hibernate.SQL - 
    select
        m1_0.id,
        m1_0.created_at,
        m1_0.error_message,
        m1_0.last_checked,
        m1_0.name,
        m1_0.response_time_ms,
        m1_0.status,
        m1_0.updated_at,
        m1_0.url 
    from
        monitored_services m1_0 
    where
        m1_0.id=?
2025-07-07 15:13:20.109 [scheduling-1] DEBUG org.hibernate.SQL - 
    update
        monitored_services 
    set
        created_at=?,
        error_message=?,
        last_checked=?,
        name=?,
        response_time_ms=?,
        status=?,
        updated_at=?,
        url=? 
    where
        id=?
2025-07-07 15:13:20.118 [scheduling-1] WARN  c.p.u.service.UptimeMonitorService - Service User Management Service is DOWN - 403 : [no body]
2025-07-07 15:13:20.118 [scheduling-1] INFO  c.p.u.service.UptimeMonitorService - Completed health check for 1 services
2025-07-07 15:14:20.065 [scheduling-1] INFO  c.p.u.service.UptimeMonitorService - Starting scheduled health check for all monitored services
2025-07-07 15:14:20.070 [scheduling-1] DEBUG org.hibernate.SQL - 
    select
        m1_0.id,
        m1_0.created_at,
        m1_0.error_message,
        m1_0.last_checked,
        m1_0.name,
        m1_0.response_time_ms,
        m1_0.status,
        m1_0.updated_at,
        m1_0.url 
    from
        monitored_services m1_0
2025-07-07 15:14:20.074 [scheduling-1] INFO  c.p.u.service.UptimeMonitorService - Checking 1 services
2025-07-07 15:14:20.094 [scheduling-1] DEBUG org.hibernate.SQL - 
    select
        m1_0.id,
        m1_0.created_at,
        m1_0.error_message,
        m1_0.last_checked,
        m1_0.name,
        m1_0.response_time_ms,
        m1_0.status,
        m1_0.updated_at,
        m1_0.url 
    from
        monitored_services m1_0 
    where
        m1_0.id=?
2025-07-07 15:14:20.097 [scheduling-1] DEBUG org.hibernate.SQL - 
    update
        monitored_services 
    set
        created_at=?,
        error_message=?,
        last_checked=?,
        name=?,
        response_time_ms=?,
        status=?,
        updated_at=?,
        url=? 
    where
        id=?
2025-07-07 15:14:20.101 [scheduling-1] WARN  c.p.u.service.UptimeMonitorService - Service User Management Service is DOWN - 403 : [no body]
2025-07-07 15:14:20.101 [scheduling-1] INFO  c.p.u.service.UptimeMonitorService - Completed health check for 1 services
2025-07-07 15:15:20.078 [scheduling-1] INFO  c.p.u.service.UptimeMonitorService - Starting scheduled health check for all monitored services
2025-07-07 15:15:20.099 [scheduling-1] DEBUG org.hibernate.SQL - 
    select
        m1_0.id,
        m1_0.created_at,
        m1_0.error_message,
        m1_0.last_checked,
        m1_0.name,
        m1_0.response_time_ms,
        m1_0.status,
        m1_0.updated_at,
        m1_0.url 
    from
        monitored_services m1_0
2025-07-07 15:15:20.101 [scheduling-1] INFO  c.p.u.service.UptimeMonitorService - Checking 1 services
2025-07-07 15:15:20.120 [scheduling-1] DEBUG org.hibernate.SQL - 
    select
        m1_0.id,
        m1_0.created_at,
        m1_0.error_message,
        m1_0.last_checked,
        m1_0.name,
        m1_0.response_time_ms,
        m1_0.status,
        m1_0.updated_at,
        m1_0.url 
    from
        monitored_services m1_0 
    where
        m1_0.id=?
2025-07-07 15:15:20.123 [scheduling-1] DEBUG org.hibernate.SQL - 
    update
        monitored_services 
    set
        created_at=?,
        error_message=?,
        last_checked=?,
        name=?,
        response_time_ms=?,
        status=?,
        updated_at=?,
        url=? 
    where
        id=?
2025-07-07 15:15:20.125 [scheduling-1] WARN  c.p.u.service.UptimeMonitorService - Service User Management Service is DOWN - 403 : [no body]
2025-07-07 15:15:20.125 [scheduling-1] INFO  c.p.u.service.UptimeMonitorService - Completed health check for 1 services
2025-07-07 15:16:19.395 [AsyncResolver-bootstrap-executor-0] INFO  c.n.d.s.r.aws.ConfigClusterResolver - Resolving eureka endpoints via configuration
2025-07-07 15:16:20.080 [scheduling-1] INFO  c.p.u.service.UptimeMonitorService - Starting scheduled health check for all monitored services
2025-07-07 15:16:20.104 [scheduling-1] DEBUG org.hibernate.SQL - 
    select
        m1_0.id,
        m1_0.created_at,
        m1_0.error_message,
        m1_0.last_checked,
        m1_0.name,
        m1_0.response_time_ms,
        m1_0.status,
        m1_0.updated_at,
        m1_0.url 
    from
        monitored_services m1_0
2025-07-07 15:16:20.106 [scheduling-1] INFO  c.p.u.service.UptimeMonitorService - Checking 1 services
2025-07-07 15:16:20.115 [scheduling-1] DEBUG org.hibernate.SQL - 
    select
        m1_0.id,
        m1_0.created_at,
        m1_0.error_message,
        m1_0.last_checked,
        m1_0.name,
        m1_0.response_time_ms,
        m1_0.status,
        m1_0.updated_at,
        m1_0.url 
    from
        monitored_services m1_0 
    where
        m1_0.id=?
2025-07-07 15:16:20.118 [scheduling-1] DEBUG org.hibernate.SQL - 
    update
        monitored_services 
    set
        created_at=?,
        error_message=?,
        last_checked=?,
        name=?,
        response_time_ms=?,
        status=?,
        updated_at=?,
        url=? 
    where
        id=?
2025-07-07 15:16:20.120 [scheduling-1] WARN  c.p.u.service.UptimeMonitorService - Service User Management Service is DOWN - 403 : [no body]
2025-07-07 15:16:20.120 [scheduling-1] INFO  c.p.u.service.UptimeMonitorService - Completed health check for 1 services
2025-07-07 15:17:20.071 [scheduling-1] INFO  c.p.u.service.UptimeMonitorService - Starting scheduled health check for all monitored services
2025-07-07 15:17:20.076 [scheduling-1] DEBUG org.hibernate.SQL - 
    select
        m1_0.id,
        m1_0.created_at,
        m1_0.error_message,
        m1_0.last_checked,
        m1_0.name,
        m1_0.response_time_ms,
        m1_0.status,
        m1_0.updated_at,
        m1_0.url 
    from
        monitored_services m1_0
2025-07-07 15:17:20.078 [scheduling-1] INFO  c.p.u.service.UptimeMonitorService - Checking 1 services
2025-07-07 15:17:20.085 [scheduling-1] DEBUG org.hibernate.SQL - 
    select
        m1_0.id,
        m1_0.created_at,
        m1_0.error_message,
        m1_0.last_checked,
        m1_0.name,
        m1_0.response_time_ms,
        m1_0.status,
        m1_0.updated_at,
        m1_0.url 
    from
        monitored_services m1_0 
    where
        m1_0.id=?
2025-07-07 15:17:20.086 [scheduling-1] DEBUG org.hibernate.SQL - 
    update
        monitored_services 
    set
        created_at=?,
        error_message=?,
        last_checked=?,
        name=?,
        response_time_ms=?,
        status=?,
        updated_at=?,
        url=? 
    where
        id=?
2025-07-07 15:17:20.089 [scheduling-1] WARN  c.p.u.service.UptimeMonitorService - Service User Management Service is DOWN - 403 : [no body]
2025-07-07 15:17:20.089 [scheduling-1] INFO  c.p.u.service.UptimeMonitorService - Completed health check for 1 services
2025-07-07 15:18:20.070 [scheduling-1] INFO  c.p.u.service.UptimeMonitorService - Starting scheduled health check for all monitored services
2025-07-07 15:18:20.074 [scheduling-1] DEBUG org.hibernate.SQL - 
    select
        m1_0.id,
        m1_0.created_at,
        m1_0.error_message,
        m1_0.last_checked,
        m1_0.name,
        m1_0.response_time_ms,
        m1_0.status,
        m1_0.updated_at,
        m1_0.url 
    from
        monitored_services m1_0
2025-07-07 15:18:20.076 [scheduling-1] INFO  c.p.u.service.UptimeMonitorService - Checking 1 services
2025-07-07 15:18:20.088 [scheduling-1] DEBUG org.hibernate.SQL - 
    select
        m1_0.id,
        m1_0.created_at,
        m1_0.error_message,
        m1_0.last_checked,
        m1_0.name,
        m1_0.response_time_ms,
        m1_0.status,
        m1_0.updated_at,
        m1_0.url 
    from
        monitored_services m1_0 
    where
        m1_0.id=?
2025-07-07 15:18:20.090 [scheduling-1] DEBUG org.hibernate.SQL - 
    update
        monitored_services 
    set
        created_at=?,
        error_message=?,
        last_checked=?,
        name=?,
        response_time_ms=?,
        status=?,
        updated_at=?,
        url=? 
    where
        id=?
2025-07-07 15:18:20.092 [scheduling-1] WARN  c.p.u.service.UptimeMonitorService - Service User Management Service is DOWN - 403 : [no body]
2025-07-07 15:18:20.092 [scheduling-1] INFO  c.p.u.service.UptimeMonitorService - Completed health check for 1 services
2025-07-07 15:19:20.068 [scheduling-1] INFO  c.p.u.service.UptimeMonitorService - Starting scheduled health check for all monitored services
2025-07-07 15:19:20.076 [scheduling-1] DEBUG org.hibernate.SQL - 
    select
        m1_0.id,
        m1_0.created_at,
        m1_0.error_message,
        m1_0.last_checked,
        m1_0.name,
        m1_0.response_time_ms,
        m1_0.status,
        m1_0.updated_at,
        m1_0.url 
    from
        monitored_services m1_0
2025-07-07 15:19:20.082 [scheduling-1] INFO  c.p.u.service.UptimeMonitorService - Checking 1 services
2025-07-07 15:19:20.106 [scheduling-1] DEBUG org.hibernate.SQL - 
    select
        m1_0.id,
        m1_0.created_at,
        m1_0.error_message,
        m1_0.last_checked,
        m1_0.name,
        m1_0.response_time_ms,
        m1_0.status,
        m1_0.updated_at,
        m1_0.url 
    from
        monitored_services m1_0 
    where
        m1_0.id=?
2025-07-07 15:19:20.113 [scheduling-1] DEBUG org.hibernate.SQL - 
    update
        monitored_services 
    set
        created_at=?,
        error_message=?,
        last_checked=?,
        name=?,
        response_time_ms=?,
        status=?,
        updated_at=?,
        url=? 
    where
        id=?
2025-07-07 15:19:20.119 [scheduling-1] WARN  c.p.u.service.UptimeMonitorService - Service User Management Service is DOWN - 403 : [no body]
2025-07-07 15:19:20.120 [scheduling-1] INFO  c.p.u.service.UptimeMonitorService - Completed health check for 1 services
2025-07-07 15:20:20.072 [scheduling-1] INFO  c.p.u.service.UptimeMonitorService - Starting scheduled health check for all monitored services
2025-07-07 15:20:20.089 [scheduling-1] DEBUG org.hibernate.SQL - 
    select
        m1_0.id,
        m1_0.created_at,
        m1_0.error_message,
        m1_0.last_checked,
        m1_0.name,
        m1_0.response_time_ms,
        m1_0.status,
        m1_0.updated_at,
        m1_0.url 
    from
        monitored_services m1_0
2025-07-07 15:20:20.095 [scheduling-1] INFO  c.p.u.service.UptimeMonitorService - Checking 1 services
2025-07-07 15:20:20.117 [scheduling-1] DEBUG org.hibernate.SQL - 
    select
        m1_0.id,
        m1_0.created_at,
        m1_0.error_message,
        m1_0.last_checked,
        m1_0.name,
        m1_0.response_time_ms,
        m1_0.status,
        m1_0.updated_at,
        m1_0.url 
    from
        monitored_services m1_0 
    where
        m1_0.id=?
2025-07-07 15:20:20.124 [scheduling-1] DEBUG org.hibernate.SQL - 
    update
        monitored_services 
    set
        created_at=?,
        error_message=?,
        last_checked=?,
        name=?,
        response_time_ms=?,
        status=?,
        updated_at=?,
        url=? 
    where
        id=?
2025-07-07 15:20:20.130 [scheduling-1] WARN  c.p.u.service.UptimeMonitorService - Service User Management Service is DOWN - 403 : [no body]
2025-07-07 15:20:20.132 [scheduling-1] INFO  c.p.u.service.UptimeMonitorService - Completed health check for 1 services
2025-07-07 15:21:19.404 [AsyncResolver-bootstrap-executor-0] INFO  c.n.d.s.r.aws.ConfigClusterResolver - Resolving eureka endpoints via configuration
2025-07-07 15:21:20.078 [scheduling-1] INFO  c.p.u.service.UptimeMonitorService - Starting scheduled health check for all monitored services
2025-07-07 15:21:20.086 [scheduling-1] DEBUG org.hibernate.SQL - 
    select
        m1_0.id,
        m1_0.created_at,
        m1_0.error_message,
        m1_0.last_checked,
        m1_0.name,
        m1_0.response_time_ms,
        m1_0.status,
        m1_0.updated_at,
        m1_0.url 
    from
        monitored_services m1_0
2025-07-07 15:21:20.092 [scheduling-1] INFO  c.p.u.service.UptimeMonitorService - Checking 1 services
2025-07-07 15:21:20.122 [scheduling-1] DEBUG org.hibernate.SQL - 
    select
        m1_0.id,
        m1_0.created_at,
        m1_0.error_message,
        m1_0.last_checked,
        m1_0.name,
        m1_0.response_time_ms,
        m1_0.status,
        m1_0.updated_at,
        m1_0.url 
    from
        monitored_services m1_0 
    where
        m1_0.id=?
2025-07-07 15:21:20.131 [scheduling-1] DEBUG org.hibernate.SQL - 
    update
        monitored_services 
    set
        created_at=?,
        error_message=?,
        last_checked=?,
        name=?,
        response_time_ms=?,
        status=?,
        updated_at=?,
        url=? 
    where
        id=?
2025-07-07 15:21:20.140 [scheduling-1] WARN  c.p.u.service.UptimeMonitorService - Service User Management Service is DOWN - 403 : [no body]
2025-07-07 15:21:20.143 [scheduling-1] INFO  c.p.u.service.UptimeMonitorService - Completed health check for 1 services
2025-07-07 15:22:20.064 [scheduling-1] INFO  c.p.u.service.UptimeMonitorService - Starting scheduled health check for all monitored services
2025-07-07 15:22:20.088 [scheduling-1] DEBUG org.hibernate.SQL - 
    select
        m1_0.id,
        m1_0.created_at,
        m1_0.error_message,
        m1_0.last_checked,
        m1_0.name,
        m1_0.response_time_ms,
        m1_0.status,
        m1_0.updated_at,
        m1_0.url 
    from
        monitored_services m1_0
2025-07-07 15:22:20.096 [scheduling-1] INFO  c.p.u.service.UptimeMonitorService - Checking 1 services
2025-07-07 15:22:20.128 [scheduling-1] DEBUG org.hibernate.SQL - 
    select
        m1_0.id,
        m1_0.created_at,
        m1_0.error_message,
        m1_0.last_checked,
        m1_0.name,
        m1_0.response_time_ms,
        m1_0.status,
        m1_0.updated_at,
        m1_0.url 
    from
        monitored_services m1_0 
    where
        m1_0.id=?
2025-07-07 15:22:20.137 [scheduling-1] DEBUG org.hibernate.SQL - 
    update
        monitored_services 
    set
        created_at=?,
        error_message=?,
        last_checked=?,
        name=?,
        response_time_ms=?,
        status=?,
        updated_at=?,
        url=? 
    where
        id=?
2025-07-07 15:22:20.146 [scheduling-1] WARN  c.p.u.service.UptimeMonitorService - Service User Management Service is DOWN - 403 : [no body]
2025-07-07 15:22:20.147 [scheduling-1] INFO  c.p.u.service.UptimeMonitorService - Completed health check for 1 services
2025-07-07 15:23:20.073 [scheduling-1] INFO  c.p.u.service.UptimeMonitorService - Starting scheduled health check for all monitored services
2025-07-07 15:23:20.080 [scheduling-1] DEBUG org.hibernate.SQL - 
    select
        m1_0.id,
        m1_0.created_at,
        m1_0.error_message,
        m1_0.last_checked,
        m1_0.name,
        m1_0.response_time_ms,
        m1_0.status,
        m1_0.updated_at,
        m1_0.url 
    from
        monitored_services m1_0
2025-07-07 15:23:20.085 [scheduling-1] INFO  c.p.u.service.UptimeMonitorService - Checking 1 services
2025-07-07 15:23:20.105 [scheduling-1] DEBUG org.hibernate.SQL - 
    select
        m1_0.id,
        m1_0.created_at,
        m1_0.error_message,
        m1_0.last_checked,
        m1_0.name,
        m1_0.response_time_ms,
        m1_0.status,
        m1_0.updated_at,
        m1_0.url 
    from
        monitored_services m1_0 
    where
        m1_0.id=?
2025-07-07 15:23:20.111 [scheduling-1] DEBUG org.hibernate.SQL - 
    update
        monitored_services 
    set
        created_at=?,
        error_message=?,
        last_checked=?,
        name=?,
        response_time_ms=?,
        status=?,
        updated_at=?,
        url=? 
    where
        id=?
2025-07-07 15:23:20.118 [scheduling-1] WARN  c.p.u.service.UptimeMonitorService - Service User Management Service is DOWN - 403 : [no body]
2025-07-07 15:23:20.119 [scheduling-1] INFO  c.p.u.service.UptimeMonitorService - Completed health check for 1 services
2025-07-07 15:24:20.075 [scheduling-1] INFO  c.p.u.service.UptimeMonitorService - Starting scheduled health check for all monitored services
2025-07-07 15:24:20.095 [scheduling-1] DEBUG org.hibernate.SQL - 
    select
        m1_0.id,
        m1_0.created_at,
        m1_0.error_message,
        m1_0.last_checked,
        m1_0.name,
        m1_0.response_time_ms,
        m1_0.status,
        m1_0.updated_at,
        m1_0.url 
    from
        monitored_services m1_0
2025-07-07 15:24:20.100 [scheduling-1] INFO  c.p.u.service.UptimeMonitorService - Checking 1 services
2025-07-07 15:24:20.126 [scheduling-1] DEBUG org.hibernate.SQL - 
    select
        m1_0.id,
        m1_0.created_at,
        m1_0.error_message,
        m1_0.last_checked,
        m1_0.name,
        m1_0.response_time_ms,
        m1_0.status,
        m1_0.updated_at,
        m1_0.url 
    from
        monitored_services m1_0 
    where
        m1_0.id=?
2025-07-07 15:24:20.134 [scheduling-1] DEBUG org.hibernate.SQL - 
    update
        monitored_services 
    set
        created_at=?,
        error_message=?,
        last_checked=?,
        name=?,
        response_time_ms=?,
        status=?,
        updated_at=?,
        url=? 
    where
        id=?
2025-07-07 15:24:20.140 [scheduling-1] WARN  c.p.u.service.UptimeMonitorService - Service User Management Service is DOWN - 403 : [no body]
2025-07-07 15:24:20.141 [scheduling-1] INFO  c.p.u.service.UptimeMonitorService - Completed health check for 1 services
2025-07-07 15:25:20.071 [scheduling-1] INFO  c.p.u.service.UptimeMonitorService - Starting scheduled health check for all monitored services
2025-07-07 15:25:20.092 [scheduling-1] DEBUG org.hibernate.SQL - 
    select
        m1_0.id,
        m1_0.created_at,
        m1_0.error_message,
        m1_0.last_checked,
        m1_0.name,
        m1_0.response_time_ms,
        m1_0.status,
        m1_0.updated_at,
        m1_0.url 
    from
        monitored_services m1_0
2025-07-07 15:25:20.098 [scheduling-1] INFO  c.p.u.service.UptimeMonitorService - Checking 1 services
2025-07-07 15:25:20.117 [scheduling-1] DEBUG org.hibernate.SQL - 
    select
        m1_0.id,
        m1_0.created_at,
        m1_0.error_message,
        m1_0.last_checked,
        m1_0.name,
        m1_0.response_time_ms,
        m1_0.status,
        m1_0.updated_at,
        m1_0.url 
    from
        monitored_services m1_0 
    where
        m1_0.id=?
2025-07-07 15:25:20.124 [scheduling-1] DEBUG org.hibernate.SQL - 
    update
        monitored_services 
    set
        created_at=?,
        error_message=?,
        last_checked=?,
        name=?,
        response_time_ms=?,
        status=?,
        updated_at=?,
        url=? 
    where
        id=?
2025-07-07 15:25:20.130 [scheduling-1] WARN  c.p.u.service.UptimeMonitorService - Service User Management Service is DOWN - 403 : [no body]
2025-07-07 15:25:20.130 [scheduling-1] INFO  c.p.u.service.UptimeMonitorService - Completed health check for 1 services
2025-07-07 15:26:19.421 [AsyncResolver-bootstrap-executor-0] INFO  c.n.d.s.r.aws.ConfigClusterResolver - Resolving eureka endpoints via configuration
2025-07-07 15:26:20.078 [scheduling-1] INFO  c.p.u.service.UptimeMonitorService - Starting scheduled health check for all monitored services
2025-07-07 15:26:20.086 [scheduling-1] DEBUG org.hibernate.SQL - 
    select
        m1_0.id,
        m1_0.created_at,
        m1_0.error_message,
        m1_0.last_checked,
        m1_0.name,
        m1_0.response_time_ms,
        m1_0.status,
        m1_0.updated_at,
        m1_0.url 
    from
        monitored_services m1_0
2025-07-07 15:26:20.092 [scheduling-1] INFO  c.p.u.service.UptimeMonitorService - Checking 1 services
2025-07-07 15:26:20.114 [scheduling-1] DEBUG org.hibernate.SQL - 
    select
        m1_0.id,
        m1_0.created_at,
        m1_0.error_message,
        m1_0.last_checked,
        m1_0.name,
        m1_0.response_time_ms,
        m1_0.status,
        m1_0.updated_at,
        m1_0.url 
    from
        monitored_services m1_0 
    where
        m1_0.id=?
2025-07-07 15:26:20.122 [scheduling-1] DEBUG org.hibernate.SQL - 
    update
        monitored_services 
    set
        created_at=?,
        error_message=?,
        last_checked=?,
        name=?,
        response_time_ms=?,
        status=?,
        updated_at=?,
        url=? 
    where
        id=?
2025-07-07 15:26:20.128 [scheduling-1] WARN  c.p.u.service.UptimeMonitorService - Service User Management Service is DOWN - 403 : [no body]
2025-07-07 15:26:20.129 [scheduling-1] INFO  c.p.u.service.UptimeMonitorService - Completed health check for 1 services
2025-07-07 15:27:20.068 [scheduling-1] INFO  c.p.u.service.UptimeMonitorService - Starting scheduled health check for all monitored services
2025-07-07 15:27:20.086 [scheduling-1] DEBUG org.hibernate.SQL - 
    select
        m1_0.id,
        m1_0.created_at,
        m1_0.error_message,
        m1_0.last_checked,
        m1_0.name,
        m1_0.response_time_ms,
        m1_0.status,
        m1_0.updated_at,
        m1_0.url 
    from
        monitored_services m1_0
2025-07-07 15:27:20.092 [scheduling-1] INFO  c.p.u.service.UptimeMonitorService - Checking 1 services
2025-07-07 15:27:20.113 [scheduling-1] DEBUG org.hibernate.SQL - 
    select
        m1_0.id,
        m1_0.created_at,
        m1_0.error_message,
        m1_0.last_checked,
        m1_0.name,
        m1_0.response_time_ms,
        m1_0.status,
        m1_0.updated_at,
        m1_0.url 
    from
        monitored_services m1_0 
    where
        m1_0.id=?
2025-07-07 15:27:20.120 [scheduling-1] DEBUG org.hibernate.SQL - 
    update
        monitored_services 
    set
        created_at=?,
        error_message=?,
        last_checked=?,
        name=?,
        response_time_ms=?,
        status=?,
        updated_at=?,
        url=? 
    where
        id=?
2025-07-07 15:27:20.126 [scheduling-1] WARN  c.p.u.service.UptimeMonitorService - Service User Management Service is DOWN - 403 : [no body]
2025-07-07 15:27:20.127 [scheduling-1] INFO  c.p.u.service.UptimeMonitorService - Completed health check for 1 services
2025-07-07 15:28:20.067 [scheduling-1] INFO  c.p.u.service.UptimeMonitorService - Starting scheduled health check for all monitored services
2025-07-07 15:28:20.086 [scheduling-1] DEBUG org.hibernate.SQL - 
    select
        m1_0.id,
        m1_0.created_at,
        m1_0.error_message,
        m1_0.last_checked,
        m1_0.name,
        m1_0.response_time_ms,
        m1_0.status,
        m1_0.updated_at,
        m1_0.url 
    from
        monitored_services m1_0
2025-07-07 15:28:20.092 [scheduling-1] INFO  c.p.u.service.UptimeMonitorService - Checking 1 services
2025-07-07 15:28:20.112 [scheduling-1] DEBUG org.hibernate.SQL - 
    select
        m1_0.id,
        m1_0.created_at,
        m1_0.error_message,
        m1_0.last_checked,
        m1_0.name,
        m1_0.response_time_ms,
        m1_0.status,
        m1_0.updated_at,
        m1_0.url 
    from
        monitored_services m1_0 
    where
        m1_0.id=?
2025-07-07 15:28:20.120 [scheduling-1] DEBUG org.hibernate.SQL - 
    update
        monitored_services 
    set
        created_at=?,
        error_message=?,
        last_checked=?,
        name=?,
        response_time_ms=?,
        status=?,
        updated_at=?,
        url=? 
    where
        id=?
2025-07-07 15:28:20.127 [scheduling-1] WARN  c.p.u.service.UptimeMonitorService - Service User Management Service is DOWN - 403 : [no body]
2025-07-07 15:28:20.128 [scheduling-1] INFO  c.p.u.service.UptimeMonitorService - Completed health check for 1 services
2025-07-07 15:29:20.078 [scheduling-1] INFO  c.p.u.service.UptimeMonitorService - Starting scheduled health check for all monitored services
2025-07-07 15:29:20.085 [scheduling-1] DEBUG org.hibernate.SQL - 
    select
        m1_0.id,
        m1_0.created_at,
        m1_0.error_message,
        m1_0.last_checked,
        m1_0.name,
        m1_0.response_time_ms,
        m1_0.status,
        m1_0.updated_at,
        m1_0.url 
    from
        monitored_services m1_0
2025-07-07 15:29:20.091 [scheduling-1] INFO  c.p.u.service.UptimeMonitorService - Checking 1 services
2025-07-07 15:29:20.113 [scheduling-1] DEBUG org.hibernate.SQL - 
    select
        m1_0.id,
        m1_0.created_at,
        m1_0.error_message,
        m1_0.last_checked,
        m1_0.name,
        m1_0.response_time_ms,
        m1_0.status,
        m1_0.updated_at,
        m1_0.url 
    from
        monitored_services m1_0 
    where
        m1_0.id=?
2025-07-07 15:29:20.120 [scheduling-1] DEBUG org.hibernate.SQL - 
    update
        monitored_services 
    set
        created_at=?,
        error_message=?,
        last_checked=?,
        name=?,
        response_time_ms=?,
        status=?,
        updated_at=?,
        url=? 
    where
        id=?
2025-07-07 15:29:20.126 [scheduling-1] WARN  c.p.u.service.UptimeMonitorService - Service User Management Service is DOWN - 403 : [no body]
2025-07-07 15:29:20.127 [scheduling-1] INFO  c.p.u.service.UptimeMonitorService - Completed health check for 1 services
2025-07-07 15:30:20.064 [scheduling-1] INFO  c.p.u.service.UptimeMonitorService - Starting scheduled health check for all monitored services
2025-07-07 15:30:20.073 [scheduling-1] DEBUG org.hibernate.SQL - 
    select
        m1_0.id,
        m1_0.created_at,
        m1_0.error_message,
        m1_0.last_checked,
        m1_0.name,
        m1_0.response_time_ms,
        m1_0.status,
        m1_0.updated_at,
        m1_0.url 
    from
        monitored_services m1_0
2025-07-07 15:30:20.079 [scheduling-1] INFO  c.p.u.service.UptimeMonitorService - Checking 1 services
2025-07-07 15:30:20.101 [scheduling-1] DEBUG org.hibernate.SQL - 
    select
        m1_0.id,
        m1_0.created_at,
        m1_0.error_message,
        m1_0.last_checked,
        m1_0.name,
        m1_0.response_time_ms,
        m1_0.status,
        m1_0.updated_at,
        m1_0.url 
    from
        monitored_services m1_0 
    where
        m1_0.id=?
2025-07-07 15:30:20.108 [scheduling-1] DEBUG org.hibernate.SQL - 
    update
        monitored_services 
    set
        created_at=?,
        error_message=?,
        last_checked=?,
        name=?,
        response_time_ms=?,
        status=?,
        updated_at=?,
        url=? 
    where
        id=?
2025-07-07 15:30:20.116 [scheduling-1] WARN  c.p.u.service.UptimeMonitorService - Service User Management Service is DOWN - 403 : [no body]
2025-07-07 15:30:20.117 [scheduling-1] INFO  c.p.u.service.UptimeMonitorService - Completed health check for 1 services
2025-07-07 15:31:19.432 [AsyncResolver-bootstrap-executor-0] INFO  c.n.d.s.r.aws.ConfigClusterResolver - Resolving eureka endpoints via configuration
2025-07-07 15:31:20.065 [scheduling-1] INFO  c.p.u.service.UptimeMonitorService - Starting scheduled health check for all monitored services
2025-07-07 15:31:20.083 [scheduling-1] DEBUG org.hibernate.SQL - 
    select
        m1_0.id,
        m1_0.created_at,
        m1_0.error_message,
        m1_0.last_checked,
        m1_0.name,
        m1_0.response_time_ms,
        m1_0.status,
        m1_0.updated_at,
        m1_0.url 
    from
        monitored_services m1_0
2025-07-07 15:31:20.119 [scheduling-1] INFO  c.p.u.service.UptimeMonitorService - Checking 1 services
2025-07-07 15:31:20.145 [scheduling-1] DEBUG org.hibernate.SQL - 
    select
        m1_0.id,
        m1_0.created_at,
        m1_0.error_message,
        m1_0.last_checked,
        m1_0.name,
        m1_0.response_time_ms,
        m1_0.status,
        m1_0.updated_at,
        m1_0.url 
    from
        monitored_services m1_0 
    where
        m1_0.id=?
2025-07-07 15:31:20.158 [scheduling-1] DEBUG org.hibernate.SQL - 
    update
        monitored_services 
    set
        created_at=?,
        error_message=?,
        last_checked=?,
        name=?,
        response_time_ms=?,
        status=?,
        updated_at=?,
        url=? 
    where
        id=?
2025-07-07 15:31:20.169 [scheduling-1] WARN  c.p.u.service.UptimeMonitorService - Service User Management Service is DOWN - 403 : [no body]
2025-07-07 15:31:20.170 [scheduling-1] INFO  c.p.u.service.UptimeMonitorService - Completed health check for 1 services
2025-07-07 15:32:20.071 [scheduling-1] INFO  c.p.u.service.UptimeMonitorService - Starting scheduled health check for all monitored services
2025-07-07 15:32:20.083 [scheduling-1] DEBUG org.hibernate.SQL - 
    select
        m1_0.id,
        m1_0.created_at,
        m1_0.error_message,
        m1_0.last_checked,
        m1_0.name,
        m1_0.response_time_ms,
        m1_0.status,
        m1_0.updated_at,
        m1_0.url 
    from
        monitored_services m1_0
2025-07-07 15:32:20.093 [scheduling-1] INFO  c.p.u.service.UptimeMonitorService - Checking 1 services
2025-07-07 15:32:20.116 [scheduling-1] DEBUG org.hibernate.SQL - 
    select
        m1_0.id,
        m1_0.created_at,
        m1_0.error_message,
        m1_0.last_checked,
        m1_0.name,
        m1_0.response_time_ms,
        m1_0.status,
        m1_0.updated_at,
        m1_0.url 
    from
        monitored_services m1_0 
    where
        m1_0.id=?
2025-07-07 15:32:20.126 [scheduling-1] DEBUG org.hibernate.SQL - 
    update
        monitored_services 
    set
        created_at=?,
        error_message=?,
        last_checked=?,
        name=?,
        response_time_ms=?,
        status=?,
        updated_at=?,
        url=? 
    where
        id=?
2025-07-07 15:32:20.138 [scheduling-1] WARN  c.p.u.service.UptimeMonitorService - Service User Management Service is DOWN - 403 : [no body]
2025-07-07 15:32:20.139 [scheduling-1] INFO  c.p.u.service.UptimeMonitorService - Completed health check for 1 services
2025-07-07 15:33:20.063 [scheduling-1] INFO  c.p.u.service.UptimeMonitorService - Starting scheduled health check for all monitored services
2025-07-07 15:33:20.083 [scheduling-1] DEBUG org.hibernate.SQL - 
    select
        m1_0.id,
        m1_0.created_at,
        m1_0.error_message,
        m1_0.last_checked,
        m1_0.name,
        m1_0.response_time_ms,
        m1_0.status,
        m1_0.updated_at,
        m1_0.url 
    from
        monitored_services m1_0
2025-07-07 15:33:20.091 [scheduling-1] INFO  c.p.u.service.UptimeMonitorService - Checking 1 services
2025-07-07 15:33:20.116 [scheduling-1] DEBUG org.hibernate.SQL - 
    select
        m1_0.id,
        m1_0.created_at,
        m1_0.error_message,
        m1_0.last_checked,
        m1_0.name,
        m1_0.response_time_ms,
        m1_0.status,
        m1_0.updated_at,
        m1_0.url 
    from
        monitored_services m1_0 
    where
        m1_0.id=?
2025-07-07 15:33:20.127 [scheduling-1] DEBUG org.hibernate.SQL - 
    update
        monitored_services 
    set
        created_at=?,
        error_message=?,
        last_checked=?,
        name=?,
        response_time_ms=?,
        status=?,
        updated_at=?,
        url=? 
    where
        id=?
2025-07-07 15:33:20.133 [scheduling-1] WARN  c.p.u.service.UptimeMonitorService - Service User Management Service is DOWN - 403 : [no body]
2025-07-07 15:33:20.134 [scheduling-1] INFO  c.p.u.service.UptimeMonitorService - Completed health check for 1 services
2025-07-07 15:34:20.065 [scheduling-1] INFO  c.p.u.service.UptimeMonitorService - Starting scheduled health check for all monitored services
2025-07-07 15:34:20.086 [scheduling-1] DEBUG org.hibernate.SQL - 
    select
        m1_0.id,
        m1_0.created_at,
        m1_0.error_message,
        m1_0.last_checked,
        m1_0.name,
        m1_0.response_time_ms,
        m1_0.status,
        m1_0.updated_at,
        m1_0.url 
    from
        monitored_services m1_0
2025-07-07 15:34:20.094 [scheduling-1] INFO  c.p.u.service.UptimeMonitorService - Checking 1 services
2025-07-07 15:34:20.118 [scheduling-1] DEBUG org.hibernate.SQL - 
    select
        m1_0.id,
        m1_0.created_at,
        m1_0.error_message,
        m1_0.last_checked,
        m1_0.name,
        m1_0.response_time_ms,
        m1_0.status,
        m1_0.updated_at,
        m1_0.url 
    from
        monitored_services m1_0 
    where
        m1_0.id=?
2025-07-07 15:34:20.125 [scheduling-1] DEBUG org.hibernate.SQL - 
    update
        monitored_services 
    set
        created_at=?,
        error_message=?,
        last_checked=?,
        name=?,
        response_time_ms=?,
        status=?,
        updated_at=?,
        url=? 
    where
        id=?
2025-07-07 15:34:20.132 [scheduling-1] WARN  c.p.u.service.UptimeMonitorService - Service User Management Service is DOWN - 403 : [no body]
2025-07-07 15:34:20.133 [scheduling-1] INFO  c.p.u.service.UptimeMonitorService - Completed health check for 1 services
2025-07-07 15:35:20.064 [scheduling-1] INFO  c.p.u.service.UptimeMonitorService - Starting scheduled health check for all monitored services
2025-07-07 15:35:20.075 [scheduling-1] DEBUG org.hibernate.SQL - 
    select
        m1_0.id,
        m1_0.created_at,
        m1_0.error_message,
        m1_0.last_checked,
        m1_0.name,
        m1_0.response_time_ms,
        m1_0.status,
        m1_0.updated_at,
        m1_0.url 
    from
        monitored_services m1_0
2025-07-07 15:35:20.083 [scheduling-1] INFO  c.p.u.service.UptimeMonitorService - Checking 1 services
2025-07-07 15:35:20.118 [scheduling-1] DEBUG org.hibernate.SQL - 
    select
        m1_0.id,
        m1_0.created_at,
        m1_0.error_message,
        m1_0.last_checked,
        m1_0.name,
        m1_0.response_time_ms,
        m1_0.status,
        m1_0.updated_at,
        m1_0.url 
    from
        monitored_services m1_0 
    where
        m1_0.id=?
2025-07-07 15:35:20.130 [scheduling-1] DEBUG org.hibernate.SQL - 
    update
        monitored_services 
    set
        created_at=?,
        error_message=?,
        last_checked=?,
        name=?,
        response_time_ms=?,
        status=?,
        updated_at=?,
        url=? 
    where
        id=?
2025-07-07 15:35:20.139 [scheduling-1] WARN  c.p.u.service.UptimeMonitorService - Service User Management Service is DOWN - 403 : [no body]
2025-07-07 15:35:20.140 [scheduling-1] INFO  c.p.u.service.UptimeMonitorService - Completed health check for 1 services
2025-07-07 15:36:19.457 [AsyncResolver-bootstrap-executor-0] INFO  c.n.d.s.r.aws.ConfigClusterResolver - Resolving eureka endpoints via configuration
2025-07-07 15:36:20.066 [scheduling-1] INFO  c.p.u.service.UptimeMonitorService - Starting scheduled health check for all monitored services
2025-07-07 15:36:20.074 [scheduling-1] DEBUG org.hibernate.SQL - 
    select
        m1_0.id,
        m1_0.created_at,
        m1_0.error_message,
        m1_0.last_checked,
        m1_0.name,
        m1_0.response_time_ms,
        m1_0.status,
        m1_0.updated_at,
        m1_0.url 
    from
        monitored_services m1_0
2025-07-07 15:36:20.080 [scheduling-1] INFO  c.p.u.service.UptimeMonitorService - Checking 1 services
2025-07-07 15:36:20.119 [scheduling-1] DEBUG org.hibernate.SQL - 
    select
        m1_0.id,
        m1_0.created_at,
        m1_0.error_message,
        m1_0.last_checked,
        m1_0.name,
        m1_0.response_time_ms,
        m1_0.status,
        m1_0.updated_at,
        m1_0.url 
    from
        monitored_services m1_0 
    where
        m1_0.id=?
2025-07-07 15:36:20.127 [scheduling-1] DEBUG org.hibernate.SQL - 
    update
        monitored_services 
    set
        created_at=?,
        error_message=?,
        last_checked=?,
        name=?,
        response_time_ms=?,
        status=?,
        updated_at=?,
        url=? 
    where
        id=?
2025-07-07 15:36:20.135 [scheduling-1] WARN  c.p.u.service.UptimeMonitorService - Service User Management Service is DOWN - 403 : [no body]
2025-07-07 15:36:20.136 [scheduling-1] INFO  c.p.u.service.UptimeMonitorService - Completed health check for 1 services
2025-07-07 15:37:20.074 [scheduling-1] INFO  c.p.u.service.UptimeMonitorService - Starting scheduled health check for all monitored services
2025-07-07 15:37:20.124 [scheduling-1] DEBUG org.hibernate.SQL - 
    select
        m1_0.id,
        m1_0.created_at,
        m1_0.error_message,
        m1_0.last_checked,
        m1_0.name,
        m1_0.response_time_ms,
        m1_0.status,
        m1_0.updated_at,
        m1_0.url 
    from
        monitored_services m1_0
2025-07-07 15:37:20.130 [scheduling-1] INFO  c.p.u.service.UptimeMonitorService - Checking 1 services
2025-07-07 15:37:20.178 [scheduling-1] DEBUG org.hibernate.SQL - 
    select
        m1_0.id,
        m1_0.created_at,
        m1_0.error_message,
        m1_0.last_checked,
        m1_0.name,
        m1_0.response_time_ms,
        m1_0.status,
        m1_0.updated_at,
        m1_0.url 
    from
        monitored_services m1_0 
    where
        m1_0.id=?
2025-07-07 15:37:20.189 [scheduling-1] DEBUG org.hibernate.SQL - 
    update
        monitored_services 
    set
        created_at=?,
        error_message=?,
        last_checked=?,
        name=?,
        response_time_ms=?,
        status=?,
        updated_at=?,
        url=? 
    where
        id=?
2025-07-07 15:37:20.196 [scheduling-1] WARN  c.p.u.service.UptimeMonitorService - Service User Management Service is DOWN - 403 : [no body]
2025-07-07 15:37:20.197 [scheduling-1] INFO  c.p.u.service.UptimeMonitorService - Completed health check for 1 services
2025-07-07 15:38:20.070 [scheduling-1] INFO  c.p.u.service.UptimeMonitorService - Starting scheduled health check for all monitored services
2025-07-07 15:38:20.077 [scheduling-1] DEBUG org.hibernate.SQL - 
    select
        m1_0.id,
        m1_0.created_at,
        m1_0.error_message,
        m1_0.last_checked,
        m1_0.name,
        m1_0.response_time_ms,
        m1_0.status,
        m1_0.updated_at,
        m1_0.url 
    from
        monitored_services m1_0
2025-07-07 15:38:20.086 [scheduling-1] INFO  c.p.u.service.UptimeMonitorService - Checking 1 services
2025-07-07 15:38:20.112 [scheduling-1] DEBUG org.hibernate.SQL - 
    select
        m1_0.id,
        m1_0.created_at,
        m1_0.error_message,
        m1_0.last_checked,
        m1_0.name,
        m1_0.response_time_ms,
        m1_0.status,
        m1_0.updated_at,
        m1_0.url 
    from
        monitored_services m1_0 
    where
        m1_0.id=?
2025-07-07 15:38:20.122 [scheduling-1] DEBUG org.hibernate.SQL - 
    update
        monitored_services 
    set
        created_at=?,
        error_message=?,
        last_checked=?,
        name=?,
        response_time_ms=?,
        status=?,
        updated_at=?,
        url=? 
    where
        id=?
2025-07-07 15:38:20.131 [scheduling-1] WARN  c.p.u.service.UptimeMonitorService - Service User Management Service is DOWN - 403 : [no body]
2025-07-07 15:38:20.134 [scheduling-1] INFO  c.p.u.service.UptimeMonitorService - Completed health check for 1 services
2025-07-07 15:39:20.074 [scheduling-1] INFO  c.p.u.service.UptimeMonitorService - Starting scheduled health check for all monitored services
2025-07-07 15:39:20.084 [scheduling-1] DEBUG org.hibernate.SQL - 
    select
        m1_0.id,
        m1_0.created_at,
        m1_0.error_message,
        m1_0.last_checked,
        m1_0.name,
        m1_0.response_time_ms,
        m1_0.status,
        m1_0.updated_at,
        m1_0.url 
    from
        monitored_services m1_0
2025-07-07 15:39:20.089 [scheduling-1] INFO  c.p.u.service.UptimeMonitorService - Checking 1 services
2025-07-07 15:39:20.136 [scheduling-1] DEBUG org.hibernate.SQL - 
    select
        m1_0.id,
        m1_0.created_at,
        m1_0.error_message,
        m1_0.last_checked,
        m1_0.name,
        m1_0.response_time_ms,
        m1_0.status,
        m1_0.updated_at,
        m1_0.url 
    from
        monitored_services m1_0 
    where
        m1_0.id=?
2025-07-07 15:39:20.144 [scheduling-1] DEBUG org.hibernate.SQL - 
    update
        monitored_services 
    set
        created_at=?,
        error_message=?,
        last_checked=?,
        name=?,
        response_time_ms=?,
        status=?,
        updated_at=?,
        url=? 
    where
        id=?
2025-07-07 15:39:20.154 [scheduling-1] WARN  c.p.u.service.UptimeMonitorService - Service User Management Service is DOWN - 403 : [no body]
2025-07-07 15:39:20.155 [scheduling-1] INFO  c.p.u.service.UptimeMonitorService - Completed health check for 1 services
2025-07-07 15:40:20.074 [scheduling-1] INFO  c.p.u.service.UptimeMonitorService - Starting scheduled health check for all monitored services
2025-07-07 15:40:20.091 [scheduling-1] DEBUG org.hibernate.SQL - 
    select
        m1_0.id,
        m1_0.created_at,
        m1_0.error_message,
        m1_0.last_checked,
        m1_0.name,
        m1_0.response_time_ms,
        m1_0.status,
        m1_0.updated_at,
        m1_0.url 
    from
        monitored_services m1_0
2025-07-07 15:40:20.097 [scheduling-1] INFO  c.p.u.service.UptimeMonitorService - Checking 1 services
2025-07-07 15:40:20.121 [scheduling-1] DEBUG org.hibernate.SQL - 
    select
        m1_0.id,
        m1_0.created_at,
        m1_0.error_message,
        m1_0.last_checked,
        m1_0.name,
        m1_0.response_time_ms,
        m1_0.status,
        m1_0.updated_at,
        m1_0.url 
    from
        monitored_services m1_0 
    where
        m1_0.id=?
2025-07-07 15:40:20.130 [scheduling-1] DEBUG org.hibernate.SQL - 
    update
        monitored_services 
    set
        created_at=?,
        error_message=?,
        last_checked=?,
        name=?,
        response_time_ms=?,
        status=?,
        updated_at=?,
        url=? 
    where
        id=?
2025-07-07 15:40:20.136 [scheduling-1] WARN  c.p.u.service.UptimeMonitorService - Service User Management Service is DOWN - 403 : [no body]
2025-07-07 15:40:20.137 [scheduling-1] INFO  c.p.u.service.UptimeMonitorService - Completed health check for 1 services
2025-07-07 15:41:19.466 [AsyncResolver-bootstrap-executor-0] INFO  c.n.d.s.r.aws.ConfigClusterResolver - Resolving eureka endpoints via configuration
2025-07-07 15:41:20.076 [scheduling-1] INFO  c.p.u.service.UptimeMonitorService - Starting scheduled health check for all monitored services
2025-07-07 15:41:20.081 [scheduling-1] DEBUG org.hibernate.SQL - 
    select
        m1_0.id,
        m1_0.created_at,
        m1_0.error_message,
        m1_0.last_checked,
        m1_0.name,
        m1_0.response_time_ms,
        m1_0.status,
        m1_0.updated_at,
        m1_0.url 
    from
        monitored_services m1_0
2025-07-07 15:41:20.085 [scheduling-1] INFO  c.p.u.service.UptimeMonitorService - Checking 1 services
2025-07-07 15:41:20.100 [scheduling-1] DEBUG org.hibernate.SQL - 
    select
        m1_0.id,
        m1_0.created_at,
        m1_0.error_message,
        m1_0.last_checked,
        m1_0.name,
        m1_0.response_time_ms,
        m1_0.status,
        m1_0.updated_at,
        m1_0.url 
    from
        monitored_services m1_0 
    where
        m1_0.id=?
2025-07-07 15:41:20.104 [scheduling-1] DEBUG org.hibernate.SQL - 
    update
        monitored_services 
    set
        created_at=?,
        error_message=?,
        last_checked=?,
        name=?,
        response_time_ms=?,
        status=?,
        updated_at=?,
        url=? 
    where
        id=?
2025-07-07 15:41:20.109 [scheduling-1] WARN  c.p.u.service.UptimeMonitorService - Service User Management Service is DOWN - 403 : [no body]
2025-07-07 15:41:20.109 [scheduling-1] INFO  c.p.u.service.UptimeMonitorService - Completed health check for 1 services
2025-07-07 15:42:20.076 [scheduling-1] INFO  c.p.u.service.UptimeMonitorService - Starting scheduled health check for all monitored services
2025-07-07 15:42:20.084 [scheduling-1] DEBUG org.hibernate.SQL - 
    select
        m1_0.id,
        m1_0.created_at,
        m1_0.error_message,
        m1_0.last_checked,
        m1_0.name,
        m1_0.response_time_ms,
        m1_0.status,
        m1_0.updated_at,
        m1_0.url 
    from
        monitored_services m1_0
2025-07-07 15:42:20.094 [scheduling-1] INFO  c.p.u.service.UptimeMonitorService - Checking 1 services
2025-07-07 15:42:20.108 [scheduling-1] DEBUG org.hibernate.SQL - 
    select
        m1_0.id,
        m1_0.created_at,
        m1_0.error_message,
        m1_0.last_checked,
        m1_0.name,
        m1_0.response_time_ms,
        m1_0.status,
        m1_0.updated_at,
        m1_0.url 
    from
        monitored_services m1_0 
    where
        m1_0.id=?
2025-07-07 15:42:20.113 [scheduling-1] DEBUG org.hibernate.SQL - 
    update
        monitored_services 
    set
        created_at=?,
        error_message=?,
        last_checked=?,
        name=?,
        response_time_ms=?,
        status=?,
        updated_at=?,
        url=? 
    where
        id=?
2025-07-07 15:42:20.118 [scheduling-1] WARN  c.p.u.service.UptimeMonitorService - Service User Management Service is DOWN - 403 : [no body]
2025-07-07 15:42:20.118 [scheduling-1] INFO  c.p.u.service.UptimeMonitorService - Completed health check for 1 services
2025-07-07 15:43:20.073 [scheduling-1] INFO  c.p.u.service.UptimeMonitorService - Starting scheduled health check for all monitored services
2025-07-07 15:43:20.079 [scheduling-1] DEBUG org.hibernate.SQL - 
    select
        m1_0.id,
        m1_0.created_at,
        m1_0.error_message,
        m1_0.last_checked,
        m1_0.name,
        m1_0.response_time_ms,
        m1_0.status,
        m1_0.updated_at,
        m1_0.url 
    from
        monitored_services m1_0
2025-07-07 15:43:20.095 [scheduling-1] INFO  c.p.u.service.UptimeMonitorService - Checking 1 services
2025-07-07 15:43:20.121 [scheduling-1] DEBUG org.hibernate.SQL - 
    select
        m1_0.id,
        m1_0.created_at,
        m1_0.error_message,
        m1_0.last_checked,
        m1_0.name,
        m1_0.response_time_ms,
        m1_0.status,
        m1_0.updated_at,
        m1_0.url 
    from
        monitored_services m1_0 
    where
        m1_0.id=?
2025-07-07 15:43:20.128 [scheduling-1] DEBUG org.hibernate.SQL - 
    update
        monitored_services 
    set
        created_at=?,
        error_message=?,
        last_checked=?,
        name=?,
        response_time_ms=?,
        status=?,
        updated_at=?,
        url=? 
    where
        id=?
2025-07-07 15:43:20.141 [scheduling-1] WARN  c.p.u.service.UptimeMonitorService - Service User Management Service is DOWN - 403 : [no body]
2025-07-07 15:43:20.142 [scheduling-1] INFO  c.p.u.service.UptimeMonitorService - Completed health check for 1 services
2025-07-07 15:44:20.067 [scheduling-1] INFO  c.p.u.service.UptimeMonitorService - Starting scheduled health check for all monitored services
2025-07-07 15:44:20.075 [scheduling-1] DEBUG org.hibernate.SQL - 
    select
        m1_0.id,
        m1_0.created_at,
        m1_0.error_message,
        m1_0.last_checked,
        m1_0.name,
        m1_0.response_time_ms,
        m1_0.status,
        m1_0.updated_at,
        m1_0.url 
    from
        monitored_services m1_0
2025-07-07 15:44:20.079 [scheduling-1] INFO  c.p.u.service.UptimeMonitorService - Checking 1 services
2025-07-07 15:44:20.106 [scheduling-1] DEBUG org.hibernate.SQL - 
    select
        m1_0.id,
        m1_0.created_at,
        m1_0.error_message,
        m1_0.last_checked,
        m1_0.name,
        m1_0.response_time_ms,
        m1_0.status,
        m1_0.updated_at,
        m1_0.url 
    from
        monitored_services m1_0 
    where
        m1_0.id=?
2025-07-07 15:44:20.114 [scheduling-1] DEBUG org.hibernate.SQL - 
    update
        monitored_services 
    set
        created_at=?,
        error_message=?,
        last_checked=?,
        name=?,
        response_time_ms=?,
        status=?,
        updated_at=?,
        url=? 
    where
        id=?
2025-07-07 15:44:20.123 [scheduling-1] WARN  c.p.u.service.UptimeMonitorService - Service User Management Service is DOWN - 403 : [no body]
2025-07-07 15:44:20.125 [scheduling-1] INFO  c.p.u.service.UptimeMonitorService - Completed health check for 1 services
2025-07-07 15:45:20.063 [scheduling-1] INFO  c.p.u.service.UptimeMonitorService - Starting scheduled health check for all monitored services
2025-07-07 15:45:20.067 [scheduling-1] DEBUG org.hibernate.SQL - 
    select
        m1_0.id,
        m1_0.created_at,
        m1_0.error_message,
        m1_0.last_checked,
        m1_0.name,
        m1_0.response_time_ms,
        m1_0.status,
        m1_0.updated_at,
        m1_0.url 
    from
        monitored_services m1_0
2025-07-07 15:45:20.069 [scheduling-1] INFO  c.p.u.service.UptimeMonitorService - Checking 1 services
2025-07-07 15:45:20.080 [scheduling-1] DEBUG org.hibernate.SQL - 
    select
        m1_0.id,
        m1_0.created_at,
        m1_0.error_message,
        m1_0.last_checked,
        m1_0.name,
        m1_0.response_time_ms,
        m1_0.status,
        m1_0.updated_at,
        m1_0.url 
    from
        monitored_services m1_0 
    where
        m1_0.id=?
2025-07-07 15:45:20.084 [scheduling-1] DEBUG org.hibernate.SQL - 
    update
        monitored_services 
    set
        created_at=?,
        error_message=?,
        last_checked=?,
        name=?,
        response_time_ms=?,
        status=?,
        updated_at=?,
        url=? 
    where
        id=?
2025-07-07 15:45:20.086 [scheduling-1] WARN  c.p.u.service.UptimeMonitorService - Service User Management Service is DOWN - 403 : [no body]
2025-07-07 15:45:20.087 [scheduling-1] INFO  c.p.u.service.UptimeMonitorService - Completed health check for 1 services
2025-07-07 15:46:19.469 [AsyncResolver-bootstrap-executor-0] INFO  c.n.d.s.r.aws.ConfigClusterResolver - Resolving eureka endpoints via configuration
2025-07-07 15:46:20.065 [scheduling-1] INFO  c.p.u.service.UptimeMonitorService - Starting scheduled health check for all monitored services
2025-07-07 15:46:20.069 [scheduling-1] DEBUG org.hibernate.SQL - 
    select
        m1_0.id,
        m1_0.created_at,
        m1_0.error_message,
        m1_0.last_checked,
        m1_0.name,
        m1_0.response_time_ms,
        m1_0.status,
        m1_0.updated_at,
        m1_0.url 
    from
        monitored_services m1_0
2025-07-07 15:46:20.072 [scheduling-1] INFO  c.p.u.service.UptimeMonitorService - Checking 1 services
2025-07-07 15:46:20.087 [scheduling-1] DEBUG org.hibernate.SQL - 
    select
        m1_0.id,
        m1_0.created_at,
        m1_0.error_message,
        m1_0.last_checked,
        m1_0.name,
        m1_0.response_time_ms,
        m1_0.status,
        m1_0.updated_at,
        m1_0.url 
    from
        monitored_services m1_0 
    where
        m1_0.id=?
2025-07-07 15:46:20.090 [scheduling-1] DEBUG org.hibernate.SQL - 
    update
        monitored_services 
    set
        created_at=?,
        error_message=?,
        last_checked=?,
        name=?,
        response_time_ms=?,
        status=?,
        updated_at=?,
        url=? 
    where
        id=?
2025-07-07 15:46:20.093 [scheduling-1] WARN  c.p.u.service.UptimeMonitorService - Service User Management Service is DOWN - 403 : [no body]
2025-07-07 15:46:20.094 [scheduling-1] INFO  c.p.u.service.UptimeMonitorService - Completed health check for 1 services
2025-07-07 15:47:20.065 [scheduling-1] INFO  c.p.u.service.UptimeMonitorService - Starting scheduled health check for all monitored services
2025-07-07 15:47:20.073 [scheduling-1] DEBUG org.hibernate.SQL - 
    select
        m1_0.id,
        m1_0.created_at,
        m1_0.error_message,
        m1_0.last_checked,
        m1_0.name,
        m1_0.response_time_ms,
        m1_0.status,
        m1_0.updated_at,
        m1_0.url 
    from
        monitored_services m1_0
2025-07-07 15:47:20.079 [scheduling-1] INFO  c.p.u.service.UptimeMonitorService - Checking 1 services
2025-07-07 15:47:20.101 [scheduling-1] DEBUG org.hibernate.SQL - 
    select
        m1_0.id,
        m1_0.created_at,
        m1_0.error_message,
        m1_0.last_checked,
        m1_0.name,
        m1_0.response_time_ms,
        m1_0.status,
        m1_0.updated_at,
        m1_0.url 
    from
        monitored_services m1_0 
    where
        m1_0.id=?
2025-07-07 15:47:20.109 [scheduling-1] DEBUG org.hibernate.SQL - 
    update
        monitored_services 
    set
        created_at=?,
        error_message=?,
        last_checked=?,
        name=?,
        response_time_ms=?,
        status=?,
        updated_at=?,
        url=? 
    where
        id=?
2025-07-07 15:47:20.117 [scheduling-1] WARN  c.p.u.service.UptimeMonitorService - Service User Management Service is DOWN - 403 : [no body]
2025-07-07 15:47:20.118 [scheduling-1] INFO  c.p.u.service.UptimeMonitorService - Completed health check for 1 services
2025-07-07 15:48:20.070 [scheduling-1] INFO  c.p.u.service.UptimeMonitorService - Starting scheduled health check for all monitored services
2025-07-07 15:48:20.081 [scheduling-1] DEBUG org.hibernate.SQL - 
    select
        m1_0.id,
        m1_0.created_at,
        m1_0.error_message,
        m1_0.last_checked,
        m1_0.name,
        m1_0.response_time_ms,
        m1_0.status,
        m1_0.updated_at,
        m1_0.url 
    from
        monitored_services m1_0
2025-07-07 15:48:20.086 [scheduling-1] INFO  c.p.u.service.UptimeMonitorService - Checking 1 services
2025-07-07 15:48:20.122 [scheduling-1] DEBUG org.hibernate.SQL - 
    select
        m1_0.id,
        m1_0.created_at,
        m1_0.error_message,
        m1_0.last_checked,
        m1_0.name,
        m1_0.response_time_ms,
        m1_0.status,
        m1_0.updated_at,
        m1_0.url 
    from
        monitored_services m1_0 
    where
        m1_0.id=?
2025-07-07 15:48:20.132 [scheduling-1] DEBUG org.hibernate.SQL - 
    update
        monitored_services 
    set
        created_at=?,
        error_message=?,
        last_checked=?,
        name=?,
        response_time_ms=?,
        status=?,
        updated_at=?,
        url=? 
    where
        id=?
2025-07-07 15:48:20.139 [scheduling-1] WARN  c.p.u.service.UptimeMonitorService - Service User Management Service is DOWN - 403 : [no body]
2025-07-07 15:48:20.139 [scheduling-1] INFO  c.p.u.service.UptimeMonitorService - Completed health check for 1 services
2025-07-07 15:49:20.075 [scheduling-1] INFO  c.p.u.service.UptimeMonitorService - Starting scheduled health check for all monitored services
2025-07-07 15:49:20.083 [scheduling-1] DEBUG org.hibernate.SQL - 
    select
        m1_0.id,
        m1_0.created_at,
        m1_0.error_message,
        m1_0.last_checked,
        m1_0.name,
        m1_0.response_time_ms,
        m1_0.status,
        m1_0.updated_at,
        m1_0.url 
    from
        monitored_services m1_0
2025-07-07 15:49:20.090 [scheduling-1] INFO  c.p.u.service.UptimeMonitorService - Checking 1 services
2025-07-07 15:49:20.118 [scheduling-1] DEBUG org.hibernate.SQL - 
    select
        m1_0.id,
        m1_0.created_at,
        m1_0.error_message,
        m1_0.last_checked,
        m1_0.name,
        m1_0.response_time_ms,
        m1_0.status,
        m1_0.updated_at,
        m1_0.url 
    from
        monitored_services m1_0 
    where
        m1_0.id=?
2025-07-07 15:49:20.132 [scheduling-1] DEBUG org.hibernate.SQL - 
    update
        monitored_services 
    set
        created_at=?,
        error_message=?,
        last_checked=?,
        name=?,
        response_time_ms=?,
        status=?,
        updated_at=?,
        url=? 
    where
        id=?
2025-07-07 15:49:20.140 [scheduling-1] WARN  c.p.u.service.UptimeMonitorService - Service User Management Service is DOWN - 403 : [no body]
2025-07-07 15:49:20.142 [scheduling-1] INFO  c.p.u.service.UptimeMonitorService - Completed health check for 1 services
2025-07-07 15:50:20.065 [scheduling-1] INFO  c.p.u.service.UptimeMonitorService - Starting scheduled health check for all monitored services
2025-07-07 15:50:20.074 [scheduling-1] DEBUG org.hibernate.SQL - 
    select
        m1_0.id,
        m1_0.created_at,
        m1_0.error_message,
        m1_0.last_checked,
        m1_0.name,
        m1_0.response_time_ms,
        m1_0.status,
        m1_0.updated_at,
        m1_0.url 
    from
        monitored_services m1_0
2025-07-07 15:50:20.079 [scheduling-1] INFO  c.p.u.service.UptimeMonitorService - Checking 1 services
2025-07-07 15:50:20.111 [scheduling-1] DEBUG org.hibernate.SQL - 
    select
        m1_0.id,
        m1_0.created_at,
        m1_0.error_message,
        m1_0.last_checked,
        m1_0.name,
        m1_0.response_time_ms,
        m1_0.status,
        m1_0.updated_at,
        m1_0.url 
    from
        monitored_services m1_0 
    where
        m1_0.id=?
2025-07-07 15:50:20.128 [scheduling-1] DEBUG org.hibernate.SQL - 
    update
        monitored_services 
    set
        created_at=?,
        error_message=?,
        last_checked=?,
        name=?,
        response_time_ms=?,
        status=?,
        updated_at=?,
        url=? 
    where
        id=?
2025-07-07 15:50:20.139 [scheduling-1] WARN  c.p.u.service.UptimeMonitorService - Service User Management Service is DOWN - 403 : [no body]
2025-07-07 15:50:20.140 [scheduling-1] INFO  c.p.u.service.UptimeMonitorService - Completed health check for 1 services
2025-07-07 15:51:19.482 [AsyncResolver-bootstrap-executor-0] INFO  c.n.d.s.r.aws.ConfigClusterResolver - Resolving eureka endpoints via configuration
2025-07-07 15:51:20.071 [scheduling-1] INFO  c.p.u.service.UptimeMonitorService - Starting scheduled health check for all monitored services
2025-07-07 15:51:20.076 [scheduling-1] DEBUG org.hibernate.SQL - 
    select
        m1_0.id,
        m1_0.created_at,
        m1_0.error_message,
        m1_0.last_checked,
        m1_0.name,
        m1_0.response_time_ms,
        m1_0.status,
        m1_0.updated_at,
        m1_0.url 
    from
        monitored_services m1_0
2025-07-07 15:51:20.080 [scheduling-1] INFO  c.p.u.service.UptimeMonitorService - Checking 1 services
2025-07-07 15:51:20.103 [scheduling-1] DEBUG org.hibernate.SQL - 
    select
        m1_0.id,
        m1_0.created_at,
        m1_0.error_message,
        m1_0.last_checked,
        m1_0.name,
        m1_0.response_time_ms,
        m1_0.status,
        m1_0.updated_at,
        m1_0.url 
    from
        monitored_services m1_0 
    where
        m1_0.id=?
2025-07-07 15:51:20.109 [scheduling-1] DEBUG org.hibernate.SQL - 
    update
        monitored_services 
    set
        created_at=?,
        error_message=?,
        last_checked=?,
        name=?,
        response_time_ms=?,
        status=?,
        updated_at=?,
        url=? 
    where
        id=?
2025-07-07 15:51:20.114 [scheduling-1] WARN  c.p.u.service.UptimeMonitorService - Service User Management Service is DOWN - 403 : [no body]
2025-07-07 15:51:20.115 [scheduling-1] INFO  c.p.u.service.UptimeMonitorService - Completed health check for 1 services
