2025-07-07T14:45:18.201+05:30  INFO 4176 --- [main] c.p.alerting.AlertingServiceApplication  : Starting AlertingServiceApplication using Java 17 with PID 4176 (D:\Revino Solutions Pvt Ltd\Pulsewatch_2.0\backend\alerting-service\target\classes started by Admin in D:\Revino Solutions Pvt Ltd\Pulsewatch_2.0\backend\alerting-service)
2025-07-07T14:45:18.213+05:30  INFO 4176 --- [main] c.p.alerting.AlertingServiceApplication  : No active profile set, falling back to 1 default profile: "default"
2025-07-07T14:45:19.217+05:30  INFO 4176 --- [main] .s.d.r.c.RepositoryConfigurationDelegate : Bootstrapping Spring Data JPA repositories in DEFAULT mode.
2025-07-07T14:45:19.380+05:30  INFO 4176 --- [main] .s.d.r.c.RepositoryConfigurationDelegate : Finished Spring Data repository scanning in 156 ms. Found 1 JPA repository interface.
2025-07-07T14:45:19.625+05:30  INFO 4176 --- [main] o.s.cloud.context.scope.GenericScope     : BeanFactory id=f4cdda4e-2a20-34cd-8efe-ec03c047b5e2
2025-07-07T14:45:20.044+05:30  INFO 4176 --- [main] o.s.b.w.embedded.tomcat.TomcatWebServer  : Tomcat initialized with port(s): 8084 (http)
2025-07-07T14:45:20.053+05:30  INFO 4176 --- [main] o.apache.catalina.core.StandardService   : Starting service [Tomcat]
2025-07-07T14:45:20.053+05:30  INFO 4176 --- [main] o.apache.catalina.core.StandardEngine    : Starting Servlet engine: [Apache Tomcat/10.1.18]
2025-07-07T14:45:20.192+05:30  INFO 4176 --- [main] o.a.c.c.C.[Tomcat].[localhost].[/]       : Initializing Spring embedded WebApplicationContext
2025-07-07T14:45:20.193+05:30  INFO 4176 --- [main] w.s.c.ServletWebServerApplicationContext : Root WebApplicationContext: initialization completed in 1916 ms
2025-07-07T14:45:20.446+05:30  INFO 4176 --- [main] o.hibernate.jpa.internal.util.LogHelper  : HHH000204: Processing PersistenceUnitInfo [name: default]
2025-07-07T14:45:20.496+05:30  INFO 4176 --- [main] org.hibernate.Version                    : HHH000412: Hibernate ORM core version 6.2.20.Final
2025-07-07T14:45:20.498+05:30  INFO 4176 --- [main] org.hibernate.cfg.Environment            : HHH000406: Using bytecode reflection optimizer
2025-07-07T14:45:20.750+05:30  INFO 4176 --- [main] o.s.o.j.p.SpringPersistenceUnitInfo      : No LoadTimeWeaver setup: ignoring JPA class transformer
2025-07-07T14:45:20.787+05:30  INFO 4176 --- [main] com.zaxxer.hikari.HikariDataSource       : HikariPool-1 - Starting...
2025-07-07T14:45:21.030+05:30  INFO 4176 --- [main] com.zaxxer.hikari.pool.HikariPool        : HikariPool-1 - Added connection org.postgresql.jdbc.PgConnection@484302ee
2025-07-07T14:45:21.035+05:30  INFO 4176 --- [main] com.zaxxer.hikari.HikariDataSource       : HikariPool-1 - Start completed.
2025-07-07T14:45:21.109+05:30  WARN 4176 --- [main] org.hibernate.orm.deprecation            : HHH90000025: PostgreSQLDialect does not need to be specified explicitly using 'hibernate.dialect' (remove the property setting and it will be selected by default)
2025-07-07T14:45:21.951+05:30  INFO 4176 --- [main] o.h.e.t.j.p.i.JtaPlatformInitiator       : HHH000489: No JTA platform available (set 'hibernate.transaction.jta.platform' to enable JTA platform integration)
2025-07-07T14:45:22.065+05:30  INFO 4176 --- [main] j.LocalContainerEntityManagerFactoryBean : Initialized JPA EntityManagerFactory for persistence unit 'default'
2025-07-07T14:45:22.402+05:30  INFO 4176 --- [main] o.s.d.j.r.query.QueryEnhancerFactory     : Hibernate is in classpath; If applicable, HQL parser will be used.
2025-07-07T14:45:23.401+05:30  WARN 4176 --- [main] JpaBaseConfiguration$JpaWebConfiguration : spring.jpa.open-in-view is enabled by default. Therefore, database queries may be performed during view rendering. Explicitly configure spring.jpa.open-in-view to disable this warning
2025-07-07T14:45:24.227+05:30  INFO 4176 --- [main] DiscoveryClientOptionalArgsConfiguration : Eureka HTTP Client uses RestTemplate.
2025-07-07T14:45:24.284+05:30  WARN 4176 --- [main] iguration$LoadBalancerCaffeineWarnLogger : Spring Cloud LoadBalancer is currently working with the default cache. While this cache implementation is useful for development and tests, it's recommended to use Caffeine cache in production.You can switch to using Caffeine cache, by adding it and org.springframework.cache.caffeine.CaffeineCacheManager to the classpath.
2025-07-07T14:45:24.290+05:30  INFO 4176 --- [main] o.s.b.a.e.web.EndpointLinksResolver      : Exposing 3 endpoint(s) beneath base path '/actuator'
2025-07-07T14:45:24.404+05:30  INFO 4176 --- [main] o.s.c.n.eureka.InstanceInfoFactory       : Setting initial instance status as: STARTING
2025-07-07T14:45:24.500+05:30  INFO 4176 --- [main] com.netflix.discovery.DiscoveryClient    : Initializing Eureka in region us-east-1
2025-07-07T14:45:24.503+05:30  INFO 4176 --- [main] c.n.d.s.r.aws.ConfigClusterResolver      : Resolving eureka endpoints via configuration
2025-07-07T14:45:24.536+05:30  INFO 4176 --- [main] com.netflix.discovery.DiscoveryClient    : Disable delta property : false
2025-07-07T14:45:24.536+05:30  INFO 4176 --- [main] com.netflix.discovery.DiscoveryClient    : Single vip registry refresh property : null
2025-07-07T14:45:24.536+05:30  INFO 4176 --- [main] com.netflix.discovery.DiscoveryClient    : Force full registry fetch : false
2025-07-07T14:45:24.536+05:30  INFO 4176 --- [main] com.netflix.discovery.DiscoveryClient    : Application is null : false
2025-07-07T14:45:24.536+05:30  INFO 4176 --- [main] com.netflix.discovery.DiscoveryClient    : Registered Applications size is zero : true
2025-07-07T14:45:24.537+05:30  INFO 4176 --- [main] com.netflix.discovery.DiscoveryClient    : Application version is -1: true
2025-07-07T14:45:24.537+05:30  INFO 4176 --- [main] com.netflix.discovery.DiscoveryClient    : Getting all instance registry info from the eureka server
2025-07-07T14:45:25.269+05:30  INFO 4176 --- [main] com.netflix.discovery.DiscoveryClient    : The response status is 200
2025-07-07T14:45:25.275+05:30  INFO 4176 --- [main] com.netflix.discovery.DiscoveryClient    : Starting heartbeat executor: renew interval is: 30
2025-07-07T14:45:25.285+05:30  INFO 4176 --- [main] c.n.discovery.InstanceInfoReplicator     : InstanceInfoReplicator onDemand update allowed rate per min is 4
2025-07-07T14:45:25.303+05:30  INFO 4176 --- [main] com.netflix.discovery.DiscoveryClient    : Discovery Client initialized at timestamp 1751879725298 with initial instances count: 0
2025-07-07T14:45:25.307+05:30  INFO 4176 --- [main] o.s.c.n.e.s.EurekaServiceRegistry        : Registering application ALERTING-SERVICE with eureka with status UP
2025-07-07T14:45:25.308+05:30  INFO 4176 --- [main] com.netflix.discovery.DiscoveryClient    : Saw local status change event StatusChangeEvent [timestamp=1751879725308, current=UP, previous=STARTING]
2025-07-07T14:45:25.310+05:30  INFO 4176 --- [DiscoveryClient-InstanceInfoReplicator-0] com.netflix.discovery.DiscoveryClient    : DiscoveryClient_ALERTING-SERVICE/DESKTOP-OCJUI3G:alerting-service:8084: registering service...
2025-07-07T14:45:25.359+05:30  INFO 4176 --- [main] o.s.b.w.embedded.tomcat.TomcatWebServer  : Tomcat started on port(s): 8084 (http) with context path ''
2025-07-07T14:45:25.361+05:30  INFO 4176 --- [main] .s.c.n.e.s.EurekaAutoServiceRegistration : Updating port to 8084
2025-07-07T14:45:25.524+05:30  INFO 4176 --- [main] o.s.a.r.c.CachingConnectionFactory       : Attempting to connect to: [localhost:5672]
2025-07-07T14:45:25.566+05:30  INFO 4176 --- [DiscoveryClient-InstanceInfoReplicator-0] com.netflix.discovery.DiscoveryClient    : DiscoveryClient_ALERTING-SERVICE/DESKTOP-OCJUI3G:alerting-service:8084 - registration status: 204
2025-07-07T14:45:25.674+05:30  INFO 4176 --- [main] o.s.a.r.c.CachingConnectionFactory       : Created new connection: rabbitConnectionFactory#6e1d63ec:0/SimpleConnection@35caab4c [delegate=amqp://guest@127.0.0.1:5672/, localPort=61716]
2025-07-07T14:45:25.786+05:30  INFO 4176 --- [main] c.p.alerting.AlertingServiceApplication  : Started AlertingServiceApplication in 8.284 seconds (process running for 8.861)
2025-07-07T14:45:55.290+05:30  INFO 4176 --- [DiscoveryClient-CacheRefreshExecutor-0] com.netflix.discovery.DiscoveryClient    : Disable delta property : false
2025-07-07T14:45:55.291+05:30  INFO 4176 --- [DiscoveryClient-CacheRefreshExecutor-0] com.netflix.discovery.DiscoveryClient    : Single vip registry refresh property : null
2025-07-07T14:45:55.292+05:30  INFO 4176 --- [DiscoveryClient-CacheRefreshExecutor-0] com.netflix.discovery.DiscoveryClient    : Force full registry fetch : false
2025-07-07T14:45:55.292+05:30  INFO 4176 --- [DiscoveryClient-CacheRefreshExecutor-0] com.netflix.discovery.DiscoveryClient    : Application is null : false
2025-07-07T14:45:55.292+05:30  INFO 4176 --- [DiscoveryClient-CacheRefreshExecutor-0] com.netflix.discovery.DiscoveryClient    : Registered Applications size is zero : true
2025-07-07T14:45:55.293+05:30  INFO 4176 --- [DiscoveryClient-CacheRefreshExecutor-0] com.netflix.discovery.DiscoveryClient    : Application version is -1: false
2025-07-07T14:45:55.293+05:30  INFO 4176 --- [DiscoveryClient-CacheRefreshExecutor-0] com.netflix.discovery.DiscoveryClient    : Getting all instance registry info from the eureka server
2025-07-07T14:45:55.340+05:30  INFO 4176 --- [DiscoveryClient-CacheRefreshExecutor-0] com.netflix.discovery.DiscoveryClient    : The response status is 200
2025-07-07T14:50:24.542+05:30  INFO 4176 --- [AsyncResolver-bootstrap-executor-0] c.n.d.s.r.aws.ConfigClusterResolver      : Resolving eureka endpoints via configuration
2025-07-07T14:55:24.553+05:30  INFO 4176 --- [AsyncResolver-bootstrap-executor-0] c.n.d.s.r.aws.ConfigClusterResolver      : Resolving eureka endpoints via configuration
2025-07-07T15:00:24.588+05:30  INFO 4176 --- [AsyncResolver-bootstrap-executor-0] c.n.d.s.r.aws.ConfigClusterResolver      : Resolving eureka endpoints via configuration
2025-07-07T15:05:24.616+05:30  INFO 4176 --- [AsyncResolver-bootstrap-executor-0] c.n.d.s.r.aws.ConfigClusterResolver      : Resolving eureka endpoints via configuration
2025-07-07T15:10:24.636+05:30  INFO 4176 --- [AsyncResolver-bootstrap-executor-0] c.n.d.s.r.aws.ConfigClusterResolver      : Resolving eureka endpoints via configuration
2025-07-07T15:15:24.669+05:30  INFO 4176 --- [AsyncResolver-bootstrap-executor-0] c.n.d.s.r.aws.ConfigClusterResolver      : Resolving eureka endpoints via configuration
2025-07-07T15:20:24.701+05:30  INFO 4176 --- [AsyncResolver-bootstrap-executor-0] c.n.d.s.r.aws.ConfigClusterResolver      : Resolving eureka endpoints via configuration
2025-07-07T15:25:24.713+05:30  INFO 4176 --- [AsyncResolver-bootstrap-executor-0] c.n.d.s.r.aws.ConfigClusterResolver      : Resolving eureka endpoints via configuration
2025-07-07T15:30:24.718+05:30  INFO 4176 --- [AsyncResolver-bootstrap-executor-0] c.n.d.s.r.aws.ConfigClusterResolver      : Resolving eureka endpoints via configuration
2025-07-07T15:35:24.735+05:30  INFO 4176 --- [AsyncResolver-bootstrap-executor-0] c.n.d.s.r.aws.ConfigClusterResolver      : Resolving eureka endpoints via configuration
2025-07-07T15:40:24.763+05:30  INFO 4176 --- [AsyncResolver-bootstrap-executor-0] c.n.d.s.r.aws.ConfigClusterResolver      : Resolving eureka endpoints via configuration
2025-07-07T15:45:24.769+05:30  INFO 4176 --- [AsyncResolver-bootstrap-executor-0] c.n.d.s.r.aws.ConfigClusterResolver      : Resolving eureka endpoints via configuration
2025-07-07T15:50:24.774+05:30  INFO 4176 --- [AsyncResolver-bootstrap-executor-0] c.n.d.s.r.aws.ConfigClusterResolver      : Resolving eureka endpoints via configuration
